{"/Users/mohit/Desktop/PromptWars/Challenge2/src/components/calendar/AddToCalendar.jsx": {"path":"/Users/mohit/Desktop/PromptWars/Challenge2/src/components/calendar/AddToCalendar.jsx","statementMap":{"0":{"start":{"line":8,"column":17},"end":{"line":8,"column":46}},"1":{"start":{"line":9,"column":19},"end":{"line":9,"column":49}},"2":{"start":{"line":10,"column":8},"end":{"line":10,"column":37}},"3":{"start":{"line":12,"column":2},"end":{"line":16,"column":null}},"4":{"start":{"line":13,"column":4},"end":{"line":15,"column":null}},"5":{"start":{"line":14,"column":18},"end":{"line":14,"column":35}},"6":{"start":{"line":15,"column":19},"end":{"line":15,"column":37}},"7":{"start":{"line":18,"column":22},"end":{"line":48,"column":null}},"8":{"start":{"line":19,"column":4},"end":{"line":19,"column":null}},"9":{"start":{"line":19,"column":30},"end":{"line":19,"column":null}},"10":{"start":{"line":20,"column":4},"end":{"line":20,"column":null}},"11":{"start":{"line":22,"column":4},"end":{"line":48,"column":null}},"12":{"start":{"line":23,"column":6},"end":{"line":25,"column":null}},"13":{"start":{"line":24,"column":8},"end":{"line":24,"column":null}},"14":{"start":{"line":25,"column":8},"end":{"line":25,"column":null}},"15":{"start":{"line":29,"column":20},"end":{"line":29,"column":51}},"16":{"start":{"line":30,"column":6},"end":{"line":39,"column":null}},"17":{"start":{"line":32,"column":8},"end":{"line":39,"column":null}},"18":{"start":{"line":33,"column":10},"end":{"line":33,"column":null}},"19":{"start":{"line":34,"column":10},"end":{"line":37,"column":null}},"20":{"start":{"line":35,"column":12},"end":{"line":35,"column":null}},"21":{"start":{"line":37,"column":12},"end":{"line":37,"column":null}},"22":{"start":{"line":42,"column":6},"end":{"line":42,"column":null}},"23":{"start":{"line":43,"column":6},"end":{"line":43,"column":null}},"24":{"start":{"line":44,"column":6},"end":{"line":44,"column":null}},"25":{"start":{"line":44,"column":23},"end":{"line":44,"column":40}},"26":{"start":{"line":46,"column":6},"end":{"line":46,"column":null}},"27":{"start":{"line":47,"column":6},"end":{"line":47,"column":null}},"28":{"start":{"line":48,"column":6},"end":{"line":48,"column":null}},"29":{"start":{"line":48,"column":23},"end":{"line":48,"column":40}},"30":{"start":{"line":52,"column":16},"end":{"line":58,"column":null}},"31":{"start":{"line":60,"column":2},"end":{"line":69,"column":null}}},"fnMap":{"0":{"name":"AddToCalendar","decl":{"start":{"line":7,"column":24},"end":{"line":7,"column":38}},"loc":{"start":{"line":7,"column":70},"end":{"line":69,"column":null}},"line":7},"1":{"name":"(anonymous_1)","decl":{"start":{"line":12,"column":2},"end":{"line":12,"column":18}},"loc":{"start":{"line":12,"column":18},"end":{"line":16,"column":7}},"line":12},"2":{"name":"(anonymous_2)","decl":{"start":{"line":14,"column":7},"end":{"line":14,"column":18}},"loc":{"start":{"line":14,"column":18},"end":{"line":14,"column":35}},"line":14},"3":{"name":"(anonymous_3)","decl":{"start":{"line":15,"column":7},"end":{"line":15,"column":19}},"loc":{"start":{"line":15,"column":19},"end":{"line":15,"column":37}},"line":15},"4":{"name":"(anonymous_4)","decl":{"start":{"line":18,"column":22},"end":{"line":18,"column":34}},"loc":{"start":{"line":18,"column":34},"end":{"line":48,"column":null}},"line":18},"5":{"name":"(anonymous_5)","decl":{"start":{"line":32,"column":18},"end":{"line":32,"column":27}},"loc":{"start":{"line":32,"column":47},"end":{"line":39,"column":null}},"line":32},"6":{"name":"(anonymous_6)","decl":{"start":{"line":44,"column":6},"end":{"line":44,"column":23}},"loc":{"start":{"line":44,"column":23},"end":{"line":44,"column":40}},"line":44},"7":{"name":"(anonymous_7)","decl":{"start":{"line":48,"column":6},"end":{"line":48,"column":23}},"loc":{"start":{"line":48,"column":23},"end":{"line":48,"column":40}},"line":48}},"branchMap":{"0":{"loc":{"start":{"line":19,"column":4},"end":{"line":19,"column":null}},"type":"if","locations":[{"start":{"line":19,"column":4},"end":{"line":19,"column":null}},{"start":{},"end":{}}],"line":19},"1":{"loc":{"start":{"line":23,"column":6},"end":{"line":25,"column":null}},"type":"if","locations":[{"start":{"line":23,"column":6},"end":{"line":25,"column":null}},{"start":{},"end":{}}],"line":23},"2":{"loc":{"start":{"line":30,"column":6},"end":{"line":39,"column":null}},"type":"if","locations":[{"start":{"line":30,"column":6},"end":{"line":39,"column":null}},{"start":{},"end":{}}],"line":30},"3":{"loc":{"start":{"line":34,"column":10},"end":{"line":37,"column":null}},"type":"if","locations":[{"start":{"line":34,"column":10},"end":{"line":37,"column":null}},{"start":{"line":36,"column":17},"end":{"line":37,"column":null}}],"line":34},"4":{"loc":{"start":{"line":52,"column":16},"end":{"line":58,"column":null}},"type":"cond-expr","locations":[{"start":{"line":53,"column":6},"end":{"line":53,"column":null}},{"start":{"line":54,"column":6},"end":{"line":58,"column":null}}],"line":52},"5":{"loc":{"start":{"line":54,"column":6},"end":{"line":58,"column":null}},"type":"cond-expr","locations":[{"start":{"line":55,"column":6},"end":{"line":55,"column":null}},{"start":{"line":56,"column":6},"end":{"line":58,"column":null}}],"line":54},"6":{"loc":{"start":{"line":56,"column":6},"end":{"line":58,"column":null}},"type":"cond-expr","locations":[{"start":{"line":57,"column":6},"end":{"line":57,"column":null}},{"start":{"line":58,"column":6},"end":{"line":58,"column":null}}],"line":56},"7":{"loc":{"start":{"line":62,"column":31},"end":{"line":62,"column":null}},"type":"cond-expr","locations":[{"start":{"line":62,"column":54},"end":{"line":62,"column":68}},{"start":{"line":62,"column":68},"end":{"line":62,"column":null}}],"line":62},"8":{"loc":{"start":{"line":64,"column":16},"end":{"line":64,"column":null}},"type":"binary-expr","locations":[{"start":{"line":64,"column":16},"end":{"line":64,"column":40}},{"start":{"line":64,"column":40},"end":{"line":64,"column":null}}],"line":64},"9":{"loc":{"start":{"line":68,"column":7},"end":{"line":69,"column":null}},"type":"binary-expr","locations":[{"start":{"line":68,"column":7},"end":{"line":68,"column":31}},{"start":{"line":68,"column":31},"end":{"line":69,"column":null}}],"line":68}},"s":{"0":24,"1":24,"2":24,"3":24,"4":16,"5":0,"6":14,"7":24,"8":0,"9":0,"10":0,"11":0,"12":0,"13":0,"14":0,"15":0,"16":0,"17":0,"18":0,"19":0,"20":0,"21":0,"22":0,"23":0,"24":0,"25":0,"26":0,"27":0,"28":0,"29":0,"30":24,"31":24},"f":{"0":24,"1":16,"2":0,"3":14,"4":0,"5":0,"6":0,"7":0},"b":{"0":[0,0],"1":[0,0],"2":[0,0],"3":[0,0],"4":[0,24],"5":[0,24],"6":[0,24],"7":[0,24],"8":[24,24],"9":[24,0]},"meta":{"lastBranch":10,"lastFunction":8,"lastStatement":32,"seen":{"f:7:24:7:38":0,"s:8:17:8:46":0,"s:9:19:9:49":1,"s:10:8:10:37":2,"s:12:2:16:Infinity":3,"f:12:2:12:18":1,"s:13:4:15:Infinity":4,"f:14:7:14:18":2,"s:14:18:14:35":5,"f:15:7:15:19":3,"s:15:19:15:37":6,"s:18:22:48:Infinity":7,"f:18:22:18:34":4,"b:19:4:19:Infinity:undefined:undefined:undefined:undefined":0,"s:19:4:19:Infinity":8,"s:19:30:19:Infinity":9,"s:20:4:20:Infinity":10,"s:22:4:48:Infinity":11,"b:23:6:25:Infinity:undefined:undefined:undefined:undefined":1,"s:23:6:25:Infinity":12,"s:24:8:24:Infinity":13,"s:25:8:25:Infinity":14,"s:29:20:29:51":15,"b:30:6:39:Infinity:undefined:undefined:undefined:undefined":2,"s:30:6:39:Infinity":16,"s:32:8:39:Infinity":17,"f:32:18:32:27":5,"s:33:10:33:Infinity":18,"b:34:10:37:Infinity:36:17:37:Infinity":3,"s:34:10:37:Infinity":19,"s:35:12:35:Infinity":20,"s:37:12:37:Infinity":21,"s:42:6:42:Infinity":22,"s:43:6:43:Infinity":23,"s:44:6:44:Infinity":24,"f:44:6:44:23":6,"s:44:23:44:40":25,"s:46:6:46:Infinity":26,"s:47:6:47:Infinity":27,"s:48:6:48:Infinity":28,"f:48:6:48:23":7,"s:48:23:48:40":29,"s:52:16:58:Infinity":30,"b:53:6:53:Infinity:54:6:58:Infinity":4,"b:55:6:55:Infinity:56:6:58:Infinity":5,"b:57:6:57:Infinity:58:6:58:Infinity":6,"s:60:2:69:Infinity":31,"b:62:54:62:68:62:68:62:Infinity":7,"b:64:16:64:40:64:40:64:Infinity":8,"b:68:7:68:31:68:31:69:Infinity":9}}}
,"/Users/mohit/Desktop/PromptWars/Challenge2/src/components/chat/ChatAssistant.jsx": {"path":"/Users/mohit/Desktop/PromptWars/Challenge2/src/components/chat/ChatAssistant.jsx","statementMap":{"0":{"start":{"line":7,"column":16},"end":{"line":7,"column":null}},"1":{"start":{"line":20,"column":17},"end":{"line":20,"column":45}},"2":{"start":{"line":21,"column":19},"end":{"line":26,"column":4}},"3":{"start":{"line":27,"column":16},"end":{"line":27,"column":40}},"4":{"start":{"line":28,"column":20},"end":{"line":28,"column":51}},"5":{"start":{"line":29,"column":25},"end":{"line":29,"column":58}},"6":{"start":{"line":30,"column":8},"end":{"line":30,"column":37}},"7":{"start":{"line":31,"column":8},"end":{"line":31,"column":31}},"8":{"start":{"line":33,"column":8},"end":{"line":35,"column":8}},"9":{"start":{"line":34,"column":4},"end":{"line":34,"column":null}},"10":{"start":{"line":37,"column":2},"end":{"line":39,"column":null}},"11":{"start":{"line":38,"column":4},"end":{"line":38,"column":null}},"12":{"start":{"line":42,"column":2},"end":{"line":46,"column":null}},"13":{"start":{"line":43,"column":4},"end":{"line":44,"column":null}},"14":{"start":{"line":44,"column":6},"end":{"line":44,"column":null}},"15":{"start":{"line":44,"column":23},"end":{"line":44,"column":48}},"16":{"start":{"line":48,"column":8},"end":{"line":133,"column":null}},"17":{"start":{"line":50,"column":6},"end":{"line":50,"column":null}},"18":{"start":{"line":51,"column":6},"end":{"line":51,"column":null}},"19":{"start":{"line":51,"column":38},"end":{"line":51,"column":null}},"20":{"start":{"line":54,"column":12},"end":{"line":54,"column":51}},"21":{"start":{"line":55,"column":6},"end":{"line":57,"column":null}},"22":{"start":{"line":56,"column":8},"end":{"line":56,"column":null}},"23":{"start":{"line":57,"column":8},"end":{"line":57,"column":null}},"24":{"start":{"line":59,"column":26},"end":{"line":59,"column":null}},"25":{"start":{"line":62,"column":24},"end":{"line":62,"column":47}},"26":{"start":{"line":63,"column":6},"end":{"line":68,"column":null}},"27":{"start":{"line":64,"column":24},"end":{"line":64,"column":64}},"28":{"start":{"line":65,"column":8},"end":{"line":67,"column":null}},"29":{"start":{"line":68,"column":8},"end":{"line":68,"column":null}},"30":{"start":{"line":71,"column":6},"end":{"line":71,"column":null}},"31":{"start":{"line":72,"column":6},"end":{"line":72,"column":null}},"32":{"start":{"line":73,"column":6},"end":{"line":73,"column":null}},"33":{"start":{"line":73,"column":28},"end":{"line":73,"column":74}},"34":{"start":{"line":74,"column":6},"end":{"line":74,"column":null}},"35":{"start":{"line":76,"column":6},"end":{"line":130,"column":null}},"36":{"start":{"line":77,"column":8},"end":{"line":87,"column":null}},"37":{"start":{"line":79,"column":10},"end":{"line":79,"column":null}},"38":{"start":{"line":79,"column":41},"end":{"line":79,"column":65}},"39":{"start":{"line":80,"column":10},"end":{"line":86,"column":null}},"40":{"start":{"line":80,"column":32},"end":{"line":85,"column":null}},"41":{"start":{"line":87,"column":10},"end":{"line":87,"column":null}},"42":{"start":{"line":90,"column":22},"end":{"line":90,"column":53}},"43":{"start":{"line":91,"column":22},"end":{"line":91,"column":77}},"44":{"start":{"line":93,"column":29},"end":{"line":100,"column":null}},"45":{"start":{"line":102,"column":23},"end":{"line":102,"column":64}},"46":{"start":{"line":103,"column":25},"end":{"line":103,"column":null}},"47":{"start":{"line":104,"column":21},"end":{"line":104,"column":36}},"48":{"start":{"line":106,"column":8},"end":{"line":106,"column":null}},"49":{"start":{"line":106,"column":30},"end":{"line":106,"column":62}},"50":{"start":{"line":109,"column":8},"end":{"line":110,"column":null}},"51":{"start":{"line":110,"column":10},"end":{"line":110,"column":null}},"52":{"start":{"line":113,"column":25},"end":{"line":113,"column":null}},"53":{"start":{"line":114,"column":27},"end":{"line":114,"column":null}},"54":{"start":{"line":116,"column":8},"end":{"line":119,"column":null}},"55":{"start":{"line":117,"column":10},"end":{"line":117,"column":null}},"56":{"start":{"line":118,"column":19},"end":{"line":119,"column":null}},"57":{"start":{"line":119,"column":10},"end":{"line":119,"column":null}},"58":{"start":{"line":122,"column":8},"end":{"line":128,"column":null}},"59":{"start":{"line":122,"column":30},"end":{"line":127,"column":null}},"60":{"start":{"line":130,"column":8},"end":{"line":130,"column":null}},"61":{"start":{"line":136,"column":8},"end":{"line":139,"column":8}},"62":{"start":{"line":137,"column":4},"end":{"line":137,"column":null}},"63":{"start":{"line":138,"column":4},"end":{"line":138,"column":null}},"64":{"start":{"line":141,"column":8},"end":{"line":141,"column":72}},"65":{"start":{"line":141,"column":41},"end":{"line":141,"column":67}},"66":{"start":{"line":141,"column":61},"end":{"line":141,"column":67}},"67":{"start":{"line":142,"column":8},"end":{"line":142,"column":61}},"68":{"start":{"line":142,"column":40},"end":{"line":142,"column":56}},"69":{"start":{"line":144,"column":2},"end":{"line":243,"column":null}},"70":{"start":{"line":190,"column":14},"end":{"line":192,"column":null}},"71":{"start":{"line":252,"column":0},"end":{"line":252,"column":null}}},"fnMap":{"0":{"name":"ChatAssistant","decl":{"start":{"line":19,"column":9},"end":{"line":19,"column":25}},"loc":{"start":{"line":19,"column":25},"end":{"line":243,"column":null}},"line":19},"1":{"name":"(anonymous_1)","decl":{"start":{"line":33,"column":25},"end":{"line":33,"column":43}},"loc":{"start":{"line":33,"column":43},"end":{"line":35,"column":7}},"line":33},"2":{"name":"(anonymous_2)","decl":{"start":{"line":37,"column":2},"end":{"line":37,"column":18}},"loc":{"start":{"line":37,"column":18},"end":{"line":39,"column":6}},"line":37},"3":{"name":"(anonymous_3)","decl":{"start":{"line":42,"column":2},"end":{"line":42,"column":18}},"loc":{"start":{"line":42,"column":18},"end":{"line":46,"column":6}},"line":42},"4":{"name":"(anonymous_4)","decl":{"start":{"line":44,"column":6},"end":{"line":44,"column":23}},"loc":{"start":{"line":44,"column":23},"end":{"line":44,"column":48}},"line":44},"5":{"name":"(anonymous_5)","decl":{"start":{"line":49,"column":4},"end":{"line":49,"column":11}},"loc":{"start":{"line":49,"column":17},"end":{"line":133,"column":5}},"line":49},"6":{"name":"(anonymous_6)","decl":{"start":{"line":73,"column":6},"end":{"line":73,"column":19}},"loc":{"start":{"line":73,"column":28},"end":{"line":73,"column":74}},"line":73},"7":{"name":"(anonymous_7)","decl":{"start":{"line":79,"column":20},"end":{"line":79,"column":29}},"loc":{"start":{"line":79,"column":41},"end":{"line":79,"column":65}},"line":79},"8":{"name":"(anonymous_8)","decl":{"start":{"line":80,"column":10},"end":{"line":80,"column":23}},"loc":{"start":{"line":80,"column":32},"end":{"line":85,"column":null}},"line":80},"9":{"name":"(anonymous_9)","decl":{"start":{"line":106,"column":8},"end":{"line":106,"column":21}},"loc":{"start":{"line":106,"column":30},"end":{"line":106,"column":62}},"line":106},"10":{"name":"(anonymous_10)","decl":{"start":{"line":122,"column":8},"end":{"line":122,"column":21}},"loc":{"start":{"line":122,"column":30},"end":{"line":127,"column":null}},"line":122},"11":{"name":"(anonymous_11)","decl":{"start":{"line":136,"column":28},"end":{"line":136,"column":41}},"loc":{"start":{"line":136,"column":47},"end":{"line":139,"column":7}},"line":136},"12":{"name":"(anonymous_12)","decl":{"start":{"line":141,"column":23},"end":{"line":141,"column":41}},"loc":{"start":{"line":141,"column":41},"end":{"line":141,"column":67}},"line":141},"13":{"name":"(anonymous_13)","decl":{"start":{"line":141,"column":41},"end":{"line":141,"column":52}},"loc":{"start":{"line":141,"column":61},"end":{"line":141,"column":67}},"line":141},"14":{"name":"(anonymous_14)","decl":{"start":{"line":142,"column":22},"end":{"line":142,"column":40}},"loc":{"start":{"line":142,"column":40},"end":{"line":142,"column":56}},"line":142},"15":{"name":"(anonymous_15)","decl":{"start":{"line":189,"column":22},"end":{"line":189,"column":27}},"loc":{"start":{"line":190,"column":14},"end":{"line":192,"column":null}},"line":190}},"branchMap":{"0":{"loc":{"start":{"line":43,"column":4},"end":{"line":44,"column":null}},"type":"if","locations":[{"start":{"line":43,"column":4},"end":{"line":44,"column":null}},{"start":{},"end":{}}],"line":43},"1":{"loc":{"start":{"line":51,"column":6},"end":{"line":51,"column":null}},"type":"if","locations":[{"start":{"line":51,"column":6},"end":{"line":51,"column":null}},{"start":{},"end":{}}],"line":51},"2":{"loc":{"start":{"line":51,"column":10},"end":{"line":51,"column":38}},"type":"binary-expr","locations":[{"start":{"line":51,"column":10},"end":{"line":51,"column":23}},{"start":{"line":51,"column":27},"end":{"line":51,"column":38}}],"line":51},"3":{"loc":{"start":{"line":55,"column":6},"end":{"line":57,"column":null}},"type":"if","locations":[{"start":{"line":55,"column":6},"end":{"line":57,"column":null}},{"start":{},"end":{}}],"line":55},"4":{"loc":{"start":{"line":63,"column":6},"end":{"line":68,"column":null}},"type":"if","locations":[{"start":{"line":63,"column":6},"end":{"line":68,"column":null}},{"start":{},"end":{}}],"line":63},"5":{"loc":{"start":{"line":66,"column":76},"end":{"line":66,"column":101}},"type":"cond-expr","locations":[{"start":{"line":66,"column":92},"end":{"line":66,"column":98}},{"start":{"line":66,"column":98},"end":{"line":66,"column":101}}],"line":66},"6":{"loc":{"start":{"line":77,"column":8},"end":{"line":87,"column":null}},"type":"if","locations":[{"start":{"line":77,"column":8},"end":{"line":87,"column":null}},{"start":{},"end":{}}],"line":77},"7":{"loc":{"start":{"line":77,"column":12},"end":{"line":77,"column":45}},"type":"binary-expr","locations":[{"start":{"line":77,"column":12},"end":{"line":77,"column":24}},{"start":{"line":77,"column":24},"end":{"line":77,"column":45}}],"line":77},"8":{"loc":{"start":{"line":109,"column":8},"end":{"line":110,"column":null}},"type":"if","locations":[{"start":{"line":109,"column":8},"end":{"line":110,"column":null}},{"start":{},"end":{}}],"line":109},"9":{"loc":{"start":{"line":113,"column":25},"end":{"line":113,"column":null}},"type":"binary-expr","locations":[{"start":{"line":113,"column":25},"end":{"line":113,"column":42}},{"start":{"line":113,"column":42},"end":{"line":113,"column":null}}],"line":113},"10":{"loc":{"start":{"line":116,"column":8},"end":{"line":119,"column":null}},"type":"if","locations":[{"start":{"line":116,"column":8},"end":{"line":119,"column":null}},{"start":{"line":118,"column":19},"end":{"line":119,"column":null}}],"line":116},"11":{"loc":{"start":{"line":116,"column":12},"end":{"line":116,"column":82}},"type":"binary-expr","locations":[{"start":{"line":116,"column":12},"end":{"line":116,"column":36}},{"start":{"line":116,"column":40},"end":{"line":116,"column":82}}],"line":116},"12":{"loc":{"start":{"line":118,"column":19},"end":{"line":119,"column":null}},"type":"if","locations":[{"start":{"line":118,"column":19},"end":{"line":119,"column":null}},{"start":{},"end":{}}],"line":118},"13":{"loc":{"start":{"line":118,"column":19},"end":{"line":118,"column":73}},"type":"binary-expr","locations":[{"start":{"line":118,"column":19},"end":{"line":118,"column":43}},{"start":{"line":118,"column":47},"end":{"line":118,"column":73}}],"line":118},"14":{"loc":{"start":{"line":150,"column":20},"end":{"line":150,"column":null}},"type":"cond-expr","locations":[{"start":{"line":150,"column":29},"end":{"line":150,"column":44}},{"start":{"line":150,"column":44},"end":{"line":150,"column":null}}],"line":150},"15":{"loc":{"start":{"line":154,"column":9},"end":{"line":154,"column":null}},"type":"cond-expr","locations":[{"start":{"line":154,"column":18},"end":{"line":154,"column":24}},{"start":{"line":154,"column":24},"end":{"line":154,"column":null}}],"line":154},"16":{"loc":{"start":{"line":155,"column":9},"end":{"line":155,"column":null}},"type":"binary-expr","locations":[{"start":{"line":155,"column":9},"end":{"line":155,"column":20}},{"start":{"line":155,"column":20},"end":{"line":155,"column":null}}],"line":155},"17":{"loc":{"start":{"line":159,"column":7},"end":{"line":243,"column":null}},"type":"binary-expr","locations":[{"start":{"line":159,"column":7},"end":{"line":159,"column":null}},{"start":{"line":160,"column":8},"end":{"line":243,"column":null}}],"line":159},"18":{"loc":{"start":{"line":194,"column":13},"end":{"line":201,"column":null}},"type":"binary-expr","locations":[{"start":{"line":194,"column":13},"end":{"line":194,"column":null}},{"start":{"line":195,"column":14},"end":{"line":201,"column":null}}],"line":194},"19":{"loc":{"start":{"line":207,"column":13},"end":{"line":223,"column":13}},"type":"binary-expr","locations":[{"start":{"line":207,"column":13},"end":{"line":207,"column":null}},{"start":{"line":208,"column":14},"end":{"line":223,"column":13}}],"line":207},"20":{"loc":{"start":{"line":234,"column":34},"end":{"line":234,"column":null}},"type":"cond-expr","locations":[{"start":{"line":234,"column":51},"end":{"line":234,"column":71}},{"start":{"line":234,"column":71},"end":{"line":234,"column":null}}],"line":234},"21":{"loc":{"start":{"line":239,"column":26},"end":{"line":239,"column":52}},"type":"binary-expr","locations":[{"start":{"line":239,"column":26},"end":{"line":239,"column":39}},{"start":{"line":239,"column":39},"end":{"line":239,"column":52}}],"line":239}},"s":{"0":1,"1":23,"2":23,"3":23,"4":23,"5":23,"6":23,"7":23,"8":23,"9":11,"10":23,"11":11,"12":23,"13":20,"14":8,"15":4,"16":23,"17":1,"18":1,"19":0,"20":1,"21":1,"22":0,"23":0,"24":1,"25":1,"26":1,"27":1,"28":1,"29":1,"30":0,"31":0,"32":0,"33":0,"34":0,"35":0,"36":0,"37":0,"38":0,"39":0,"40":0,"41":0,"42":0,"43":0,"44":0,"45":0,"46":0,"47":0,"48":0,"49":0,"50":0,"51":0,"52":0,"53":0,"54":0,"55":0,"56":0,"57":0,"58":0,"59":0,"60":0,"61":23,"62":2,"63":2,"64":23,"65":8,"66":8,"67":23,"68":1,"69":23,"70":11,"71":1},"f":{"0":23,"1":11,"2":11,"3":20,"4":4,"5":1,"6":0,"7":0,"8":0,"9":0,"10":0,"11":2,"12":8,"13":8,"14":1,"15":11},"b":{"0":[8,12],"1":[0,1],"2":[1,1],"3":[0,1],"4":[1,0],"5":[1,0],"6":[0,0],"7":[0,0],"8":[0,0],"9":[0,0],"10":[0,0],"11":[0,0],"12":[0,0],"13":[0,0],"14":[11,12],"15":[11,12],"16":[23,12],"17":[23,11],"18":[11,0],"19":[11,1],"20":[1,10],"21":[11,11]},"meta":{"lastBranch":22,"lastFunction":16,"lastStatement":72,"seen":{"s:7:16:7:Infinity":0,"f:19:9:19:25":0,"s:20:17:20:45":1,"s:21:19:26:4":2,"s:27:16:27:40":3,"s:28:20:28:51":4,"s:29:25:29:58":5,"s:30:8:30:37":6,"s:31:8:31:31":7,"s:33:8:35:8":8,"f:33:25:33:43":1,"s:34:4:34:Infinity":9,"s:37:2:39:Infinity":10,"f:37:2:37:18":2,"s:38:4:38:Infinity":11,"s:42:2:46:Infinity":12,"f:42:2:42:18":3,"b:43:4:44:Infinity:undefined:undefined:undefined:undefined":0,"s:43:4:44:Infinity":13,"s:44:6:44:Infinity":14,"f:44:6:44:23":4,"s:44:23:44:48":15,"s:48:8:133:Infinity":16,"f:49:4:49:11":5,"s:50:6:50:Infinity":17,"b:51:6:51:Infinity:undefined:undefined:undefined:undefined":1,"s:51:6:51:Infinity":18,"b:51:10:51:23:51:27:51:38":2,"s:51:38:51:Infinity":19,"s:54:12:54:51":20,"b:55:6:57:Infinity:undefined:undefined:undefined:undefined":3,"s:55:6:57:Infinity":21,"s:56:8:56:Infinity":22,"s:57:8:57:Infinity":23,"s:59:26:59:Infinity":24,"s:62:24:62:47":25,"b:63:6:68:Infinity:undefined:undefined:undefined:undefined":4,"s:63:6:68:Infinity":26,"s:64:24:64:64":27,"s:65:8:67:Infinity":28,"b:66:92:66:98:66:98:66:101":5,"s:68:8:68:Infinity":29,"s:71:6:71:Infinity":30,"s:72:6:72:Infinity":31,"s:73:6:73:Infinity":32,"f:73:6:73:19":6,"s:73:28:73:74":33,"s:74:6:74:Infinity":34,"s:76:6:130:Infinity":35,"b:77:8:87:Infinity:undefined:undefined:undefined:undefined":6,"s:77:8:87:Infinity":36,"b:77:12:77:24:77:24:77:45":7,"s:79:10:79:Infinity":37,"f:79:20:79:29":7,"s:79:41:79:65":38,"s:80:10:86:Infinity":39,"f:80:10:80:23":8,"s:80:32:85:Infinity":40,"s:87:10:87:Infinity":41,"s:90:22:90:53":42,"s:91:22:91:77":43,"s:93:29:100:Infinity":44,"s:102:23:102:64":45,"s:103:25:103:Infinity":46,"s:104:21:104:36":47,"s:106:8:106:Infinity":48,"f:106:8:106:21":9,"s:106:30:106:62":49,"b:109:8:110:Infinity:undefined:undefined:undefined:undefined":8,"s:109:8:110:Infinity":50,"s:110:10:110:Infinity":51,"s:113:25:113:Infinity":52,"b:113:25:113:42:113:42:113:Infinity":9,"s:114:27:114:Infinity":53,"b:116:8:119:Infinity:118:19:119:Infinity":10,"s:116:8:119:Infinity":54,"b:116:12:116:36:116:40:116:82":11,"s:117:10:117:Infinity":55,"b:118:19:119:Infinity:undefined:undefined:undefined:undefined":12,"s:118:19:119:Infinity":56,"b:118:19:118:43:118:47:118:73":13,"s:119:10:119:Infinity":57,"s:122:8:128:Infinity":58,"f:122:8:122:21":10,"s:122:30:127:Infinity":59,"s:130:8:130:Infinity":60,"s:136:8:139:8":61,"f:136:28:136:41":11,"s:137:4:137:Infinity":62,"s:138:4:138:Infinity":63,"s:141:8:141:72":64,"f:141:23:141:41":12,"s:141:41:141:67":65,"f:141:41:141:52":13,"s:141:61:141:67":66,"s:142:8:142:61":67,"f:142:22:142:40":14,"s:142:40:142:56":68,"s:144:2:243:Infinity":69,"b:150:29:150:44:150:44:150:Infinity":14,"b:154:18:154:24:154:24:154:Infinity":15,"b:155:9:155:20:155:20:155:Infinity":16,"b:159:7:159:Infinity:160:8:243:Infinity":17,"f:189:22:189:27":15,"s:190:14:192:Infinity":70,"b:194:13:194:Infinity:195:14:201:Infinity":18,"b:207:13:207:Infinity:208:14:223:13":19,"b:234:51:234:71:234:71:234:Infinity":20,"b:239:26:239:39:239:39:239:52":21,"s:252:0:252:Infinity":71}}}
,"/Users/mohit/Desktop/PromptWars/Challenge2/src/components/checklist/ChecklistItem.jsx": {"path":"/Users/mohit/Desktop/PromptWars/Challenge2/src/components/checklist/ChecklistItem.jsx","statementMap":{"0":{"start":{"line":18,"column":2},"end":{"line":94,"column":null}},"1":{"start":{"line":35,"column":12},"end":{"line":35,"column":null}},"2":{"start":{"line":36,"column":12},"end":{"line":36,"column":null}},"3":{"start":{"line":39,"column":12},"end":{"line":42,"column":null}},"4":{"start":{"line":40,"column":14},"end":{"line":40,"column":null}},"5":{"start":{"line":41,"column":14},"end":{"line":41,"column":null}},"6":{"start":{"line":42,"column":14},"end":{"line":42,"column":null}},"7":{"start":{"line":103,"column":0},"end":{"line":103,"column":null}}},"fnMap":{"0":{"name":"ChecklistItem","decl":{"start":{"line":17,"column":9},"end":{"line":17,"column":23}},"loc":{"start":{"line":17,"column":92},"end":{"line":94,"column":null}},"line":17},"1":{"name":"(anonymous_1)","decl":{"start":{"line":34,"column":10},"end":{"line":34,"column":20}},"loc":{"start":{"line":34,"column":26},"end":{"line":36,"column":null}},"line":34},"2":{"name":"(anonymous_2)","decl":{"start":{"line":38,"column":10},"end":{"line":38,"column":22}},"loc":{"start":{"line":38,"column":28},"end":{"line":42,"column":null}},"line":38}},"branchMap":{"0":{"loc":{"start":{"line":20,"column":35},"end":{"line":20,"column":null}},"type":"cond-expr","locations":[{"start":{"line":20,"column":49},"end":{"line":20,"column":79}},{"start":{"line":20,"column":79},"end":{"line":20,"column":null}}],"line":20},"1":{"loc":{"start":{"line":28,"column":55},"end":{"line":28,"column":null}},"type":"cond-expr","locations":[{"start":{"line":28,"column":69},"end":{"line":28,"column":86}},{"start":{"line":28,"column":86},"end":{"line":28,"column":null}}],"line":28},"2":{"loc":{"start":{"line":39,"column":12},"end":{"line":42,"column":null}},"type":"if","locations":[{"start":{"line":39,"column":12},"end":{"line":42,"column":null}},{"start":{},"end":{}}],"line":39},"3":{"loc":{"start":{"line":39,"column":16},"end":{"line":39,"column":52}},"type":"binary-expr","locations":[{"start":{"line":39,"column":16},"end":{"line":39,"column":37}},{"start":{"line":39,"column":37},"end":{"line":39,"column":52}}],"line":39},"4":{"loc":{"start":{"line":47,"column":49},"end":{"line":47,"column":null}},"type":"cond-expr","locations":[{"start":{"line":47,"column":63},"end":{"line":47,"column":78}},{"start":{"line":47,"column":78},"end":{"line":47,"column":null}}],"line":47},"5":{"loc":{"start":{"line":50,"column":11},"end":{"line":50,"column":null}},"type":"binary-expr","locations":[{"start":{"line":50,"column":11},"end":{"line":50,"column":26}},{"start":{"line":50,"column":26},"end":{"line":50,"column":null}}],"line":50},"6":{"loc":{"start":{"line":65,"column":47},"end":{"line":65,"column":null}},"type":"cond-expr","locations":[{"start":{"line":65,"column":60},"end":{"line":65,"column":93}},{"start":{"line":65,"column":93},"end":{"line":65,"column":null}}],"line":65},"7":{"loc":{"start":{"line":72,"column":7},"end":{"line":94,"column":null}},"type":"binary-expr","locations":[{"start":{"line":72,"column":7},"end":{"line":72,"column":null}},{"start":{"line":73,"column":8},"end":{"line":94,"column":null}}],"line":72},"8":{"loc":{"start":{"line":80,"column":11},"end":{"line":94,"column":null}},"type":"binary-expr","locations":[{"start":{"line":80,"column":11},"end":{"line":80,"column":null}},{"start":{"line":81,"column":12},"end":{"line":94,"column":null}}],"line":80},"9":{"loc":{"start":{"line":94,"column":18},"end":{"line":94,"column":null}},"type":"binary-expr","locations":[{"start":{"line":94,"column":18},"end":{"line":94,"column":38}},{"start":{"line":94,"column":38},"end":{"line":94,"column":null}}],"line":94}},"s":{"0":60,"1":0,"2":0,"3":1,"4":1,"5":1,"6":1,"7":1},"f":{"0":60,"1":0,"2":1},"b":{"0":[2,58],"1":[2,58],"2":[1,0],"3":[1,1],"4":[2,58],"5":[60,2],"6":[2,58],"7":[60,2],"8":[2,2],"9":[2,0]},"meta":{"lastBranch":10,"lastFunction":3,"lastStatement":8,"seen":{"f:17:9:17:23":0,"s:18:2:94:Infinity":0,"b:20:49:20:79:20:79:20:Infinity":0,"b:28:69:28:86:28:86:28:Infinity":1,"f:34:10:34:20":1,"s:35:12:35:Infinity":1,"s:36:12:36:Infinity":2,"f:38:10:38:22":2,"b:39:12:42:Infinity:undefined:undefined:undefined:undefined":2,"s:39:12:42:Infinity":3,"b:39:16:39:37:39:37:39:52":3,"s:40:14:40:Infinity":4,"s:41:14:41:Infinity":5,"s:42:14:42:Infinity":6,"b:47:63:47:78:47:78:47:Infinity":4,"b:50:11:50:26:50:26:50:Infinity":5,"b:65:60:65:93:65:93:65:Infinity":6,"b:72:7:72:Infinity:73:8:94:Infinity":7,"b:80:11:80:Infinity:81:12:94:Infinity":8,"b:94:18:94:38:94:38:94:Infinity":9,"s:103:0:103:Infinity":7}}}
,"/Users/mohit/Desktop/PromptWars/Challenge2/src/components/checklist/VotingChecklist.jsx": {"path":"/Users/mohit/Desktop/PromptWars/Challenge2/src/components/checklist/VotingChecklist.jsx","statementMap":{"0":{"start":{"line":19,"column":52},"end":{"line":19,"column":76}},"1":{"start":{"line":20,"column":10},"end":{"line":20,"column":28}},"2":{"start":{"line":21,"column":21},"end":{"line":21,"column":52}},"3":{"start":{"line":23,"column":8},"end":{"line":25,"column":8}},"4":{"start":{"line":24,"column":4},"end":{"line":24,"column":null}},"5":{"start":{"line":24,"column":29},"end":{"line":24,"column":54}},"6":{"start":{"line":27,"column":2},"end":{"line":37,"column":null}},"7":{"start":{"line":28,"column":4},"end":{"line":37,"column":null}},"8":{"start":{"line":33,"column":12},"end":{"line":33,"column":null}},"9":{"start":{"line":41,"column":2},"end":{"line":119,"column":null}},"10":{"start":{"line":83,"column":12},"end":{"line":90,"column":null}},"11":{"start":{"line":88,"column":38},"end":{"line":88,"column":57}},"12":{"start":{"line":89,"column":36},"end":{"line":89,"column":null}},"13":{"start":{"line":123,"column":0},"end":{"line":123,"column":null}}},"fnMap":{"0":{"name":"VotingChecklist","decl":{"start":{"line":18,"column":9},"end":{"line":18,"column":27}},"loc":{"start":{"line":18,"column":27},"end":{"line":119,"column":null}},"line":18},"1":{"name":"(anonymous_1)","decl":{"start":{"line":23,"column":29},"end":{"line":23,"column":42}},"loc":{"start":{"line":23,"column":49},"end":{"line":25,"column":7}},"line":23},"2":{"name":"(anonymous_2)","decl":{"start":{"line":24,"column":4},"end":{"line":24,"column":19}},"loc":{"start":{"line":24,"column":29},"end":{"line":24,"column":54}},"line":24},"3":{"name":"(anonymous_3)","decl":{"start":{"line":32,"column":21},"end":{"line":32,"column":26}},"loc":{"start":{"line":33,"column":12},"end":{"line":33,"column":null}},"line":33},"4":{"name":"(anonymous_4)","decl":{"start":{"line":82,"column":17},"end":{"line":82,"column":22}},"loc":{"start":{"line":83,"column":12},"end":{"line":90,"column":null}},"line":83},"5":{"name":"(anonymous_5)","decl":{"start":{"line":88,"column":14},"end":{"line":88,"column":38}},"loc":{"start":{"line":88,"column":38},"end":{"line":88,"column":57}},"line":88},"6":{"name":"(anonymous_6)","decl":{"start":{"line":89,"column":14},"end":{"line":89,"column":36}},"loc":{"start":{"line":89,"column":36},"end":{"line":89,"column":null}},"line":89}},"branchMap":{"0":{"loc":{"start":{"line":24,"column":29},"end":{"line":24,"column":54}},"type":"cond-expr","locations":[{"start":{"line":24,"column":43},"end":{"line":24,"column":50}},{"start":{"line":24,"column":50},"end":{"line":24,"column":54}}],"line":24},"1":{"loc":{"start":{"line":27,"column":2},"end":{"line":37,"column":null}},"type":"if","locations":[{"start":{"line":27,"column":2},"end":{"line":37,"column":null}},{"start":{},"end":{}}],"line":27},"2":{"loc":{"start":{"line":47,"column":11},"end":{"line":56,"column":null}},"type":"binary-expr","locations":[{"start":{"line":47,"column":11},"end":{"line":47,"column":null}},{"start":{"line":48,"column":12},"end":{"line":56,"column":null}}],"line":47},"3":{"loc":{"start":{"line":95,"column":9},"end":{"line":115,"column":null}},"type":"binary-expr","locations":[{"start":{"line":95,"column":9},"end":{"line":95,"column":null}},{"start":{"line":96,"column":10},"end":{"line":115,"column":null}}],"line":95}},"s":{"0":20,"1":20,"2":20,"3":20,"4":3,"5":3,"6":20,"7":8,"8":24,"9":12,"10":60,"11":1,"12":3,"13":1},"f":{"0":20,"1":3,"2":3,"3":24,"4":60,"5":1,"6":3},"b":{"0":[1,2],"1":[8,12],"2":[12,12],"3":[20,0]},"meta":{"lastBranch":4,"lastFunction":7,"lastStatement":14,"seen":{"f:18:9:18:27":0,"s:19:52:19:76":0,"s:20:10:20:28":1,"s:21:21:21:52":2,"s:23:8:25:8":3,"f:23:29:23:42":1,"s:24:4:24:Infinity":4,"f:24:4:24:19":2,"s:24:29:24:54":5,"b:24:43:24:50:24:50:24:54":0,"b:27:2:37:Infinity:undefined:undefined:undefined:undefined":1,"s:27:2:37:Infinity":6,"s:28:4:37:Infinity":7,"f:32:21:32:26":3,"s:33:12:33:Infinity":8,"s:41:2:119:Infinity":9,"b:47:11:47:Infinity:48:12:56:Infinity":2,"f:82:17:82:22":4,"s:83:12:90:Infinity":10,"f:88:14:88:38":5,"s:88:38:88:57":11,"f:89:14:89:36":6,"s:89:36:89:Infinity":12,"b:95:9:95:Infinity:96:10:115:Infinity":3,"s:123:0:123:Infinity":13}}}
,"/Users/mohit/Desktop/PromptWars/Challenge2/src/components/polling/PollingCard.jsx": {"path":"/Users/mohit/Desktop/PromptWars/Challenge2/src/components/polling/PollingCard.jsx","statementMap":{"0":{"start":{"line":20,"column":18},"end":{"line":22,"column":null}},"1":{"start":{"line":24,"column":2},"end":{"line":66,"column":null}},"2":{"start":{"line":29,"column":8},"end":{"line":31,"column":null}},"3":{"start":{"line":30,"column":10},"end":{"line":30,"column":null}},"4":{"start":{"line":31,"column":10},"end":{"line":31,"column":null}},"5":{"start":{"line":61,"column":24},"end":{"line":61,"column":43}},"6":{"start":{"line":71,"column":0},"end":{"line":71,"column":null}}},"fnMap":{"0":{"name":"PollingCard","decl":{"start":{"line":19,"column":9},"end":{"line":19,"column":21}},"loc":{"start":{"line":19,"column":53},"end":{"line":66,"column":null}},"line":19},"1":{"name":"(anonymous_1)","decl":{"start":{"line":28,"column":6},"end":{"line":28,"column":18}},"loc":{"start":{"line":28,"column":24},"end":{"line":31,"column":null}},"line":28},"2":{"name":"(anonymous_2)","decl":{"start":{"line":61,"column":8},"end":{"line":61,"column":18}},"loc":{"start":{"line":61,"column":24},"end":{"line":61,"column":43}},"line":61}},"branchMap":{"0":{"loc":{"start":{"line":26,"column":33},"end":{"line":26,"column":null}},"type":"cond-expr","locations":[{"start":{"line":26,"column":46},"end":{"line":26,"column":73}},{"start":{"line":26,"column":73},"end":{"line":26,"column":null}}],"line":26},"1":{"loc":{"start":{"line":29,"column":8},"end":{"line":31,"column":null}},"type":"if","locations":[{"start":{"line":29,"column":8},"end":{"line":31,"column":null}},{"start":{},"end":{}}],"line":29},"2":{"loc":{"start":{"line":29,"column":12},"end":{"line":29,"column":48}},"type":"binary-expr","locations":[{"start":{"line":29,"column":12},"end":{"line":29,"column":33}},{"start":{"line":29,"column":33},"end":{"line":29,"column":48}}],"line":29},"3":{"loc":{"start":{"line":38,"column":8},"end":{"line":38,"column":null}},"type":"cond-expr","locations":[{"start":{"line":38,"column":35},"end":{"line":38,"column":53}},{"start":{"line":38,"column":53},"end":{"line":38,"column":null}}],"line":38},"4":{"loc":{"start":{"line":41,"column":8},"end":{"line":43,"column":14}},"type":"cond-expr","locations":[{"start":{"line":42,"column":12},"end":{"line":42,"column":null}},{"start":{"line":43,"column":12},"end":{"line":43,"column":14}}],"line":41},"5":{"loc":{"start":{"line":50,"column":11},"end":{"line":50,"column":null}},"type":"cond-expr","locations":[{"start":{"line":50,"column":38},"end":{"line":50,"column":60}},{"start":{"line":50,"column":60},"end":{"line":50,"column":null}}],"line":50}},"s":{"0":0,"1":0,"2":0,"3":0,"4":0,"5":0,"6":1},"f":{"0":0,"1":0,"2":0},"b":{"0":[0,0],"1":[0,0],"2":[0,0],"3":[0,0],"4":[0,0],"5":[0,0]},"meta":{"lastBranch":6,"lastFunction":3,"lastStatement":7,"seen":{"f:19:9:19:21":0,"s:20:18:22:Infinity":0,"s:24:2:66:Infinity":1,"b:26:46:26:73:26:73:26:Infinity":0,"f:28:6:28:18":1,"b:29:8:31:Infinity:undefined:undefined:undefined:undefined":1,"s:29:8:31:Infinity":2,"b:29:12:29:33:29:33:29:48":2,"s:30:10:30:Infinity":3,"s:31:10:31:Infinity":4,"b:38:35:38:53:38:53:38:Infinity":3,"b:42:12:42:Infinity:43:12:43:14":4,"b:50:38:50:60:50:60:50:Infinity":5,"f:61:8:61:18":2,"s:61:24:61:43":5,"s:71:0:71:Infinity":6}}}
,"/Users/mohit/Desktop/PromptWars/Challenge2/src/components/polling/PollingFinder.jsx": {"path":"/Users/mohit/Desktop/PromptWars/Challenge2/src/components/polling/PollingFinder.jsx","statementMap":{"0":{"start":{"line":7,"column":17},"end":{"line":7,"column":null}},"1":{"start":{"line":8,"column":15},"end":{"line":8,"column":null}},"2":{"start":{"line":14,"column":8},"end":{"line":14,"column":22}},"3":{"start":{"line":15,"column":8},"end":{"line":15,"column":44}},"4":{"start":{"line":16,"column":8},"end":{"line":16,"column":50}},"5":{"start":{"line":18,"column":2},"end":{"line":108,"column":null}},"6":{"start":{"line":19,"column":4},"end":{"line":19,"column":null}},"7":{"start":{"line":19,"column":68},"end":{"line":19,"column":null}},"8":{"start":{"line":21,"column":26},"end":{"line":103,"column":null}},"9":{"start":{"line":22,"column":6},"end":{"line":22,"column":null}},"10":{"start":{"line":23,"column":23},"end":{"line":23,"column":50}},"11":{"start":{"line":25,"column":6},"end":{"line":103,"column":null}},"12":{"start":{"line":27,"column":25},"end":{"line":30,"column":10}},"13":{"start":{"line":32,"column":8},"end":{"line":99,"column":null}},"14":{"start":{"line":33,"column":25},"end":{"line":33,"column":null}},"15":{"start":{"line":34,"column":27},"end":{"line":34,"column":null}},"16":{"start":{"line":35,"column":25},"end":{"line":35,"column":null}},"17":{"start":{"line":38,"column":36},"end":{"line":38,"column":null}},"18":{"start":{"line":39,"column":27},"end":{"line":39,"column":null}},"19":{"start":{"line":39,"column":55},"end":{"line":39,"column":118}},"20":{"start":{"line":40,"column":27},"end":{"line":40,"column":null}},"21":{"start":{"line":40,"column":55},"end":{"line":40,"column":102}},"22":{"start":{"line":41,"column":27},"end":{"line":41,"column":null}},"23":{"start":{"line":43,"column":10},"end":{"line":43,"column":null}},"24":{"start":{"line":44,"column":10},"end":{"line":44,"column":null}},"25":{"start":{"line":45,"column":10},"end":{"line":45,"column":null}},"26":{"start":{"line":48,"column":26},"end":{"line":48,"column":58}},"27":{"start":{"line":49,"column":26},"end":{"line":53,"column":null}},"28":{"start":{"line":55,"column":10},"end":{"line":97,"column":null}},"29":{"start":{"line":58,"column":12},"end":{"line":92,"column":null}},"30":{"start":{"line":59,"column":14},"end":{"line":67,"column":null}},"31":{"start":{"line":59,"column":72},"end":{"line":67,"column":17}},"32":{"start":{"line":70,"column":34},"end":{"line":77,"column":null}},"33":{"start":{"line":79,"column":14},"end":{"line":92,"column":null}},"34":{"start":{"line":81,"column":22},"end":{"line":81,"column":null}},"35":{"start":{"line":82,"column":22},"end":{"line":82,"column":null}},"36":{"start":{"line":83,"column":16},"end":{"line":91,"column":null}},"37":{"start":{"line":95,"column":12},"end":{"line":95,"column":null}},"38":{"start":{"line":96,"column":12},"end":{"line":96,"column":null}},"39":{"start":{"line":99,"column":10},"end":{"line":99,"column":null}},"40":{"start":{"line":102,"column":8},"end":{"line":102,"column":null}},"41":{"start":{"line":103,"column":8},"end":{"line":103,"column":null}},"42":{"start":{"line":107,"column":4},"end":{"line":107,"column":null}},"43":{"start":{"line":110,"column":2},"end":{"line":110,"column":null}},"44":{"start":{"line":117,"column":18},"end":{"line":117,"column":44}},"45":{"start":{"line":118,"column":16},"end":{"line":118,"column":40}},"46":{"start":{"line":119,"column":18},"end":{"line":119,"column":44}},"47":{"start":{"line":120,"column":17},"end":{"line":120,"column":70}},"48":{"start":{"line":121,"column":19},"end":{"line":121,"column":49}},"49":{"start":{"line":122,"column":24},"end":{"line":122,"column":58}},"50":{"start":{"line":123,"column":24},"end":{"line":123,"column":55}},"51":{"start":{"line":124,"column":20},"end":{"line":124,"column":51}},"52":{"start":{"line":126,"column":8},"end":{"line":142,"column":15}},"53":{"start":{"line":127,"column":4},"end":{"line":127,"column":null}},"54":{"start":{"line":128,"column":10},"end":{"line":128,"column":42}},"55":{"start":{"line":129,"column":10},"end":{"line":129,"column":47}},"56":{"start":{"line":131,"column":4},"end":{"line":135,"column":null}},"57":{"start":{"line":132,"column":6},"end":{"line":132,"column":null}},"58":{"start":{"line":133,"column":6},"end":{"line":133,"column":null}},"59":{"start":{"line":134,"column":6},"end":{"line":134,"column":null}},"60":{"start":{"line":135,"column":6},"end":{"line":135,"column":null}},"61":{"start":{"line":138,"column":4},"end":{"line":138,"column":null}},"62":{"start":{"line":139,"column":4},"end":{"line":139,"column":null}},"63":{"start":{"line":140,"column":4},"end":{"line":140,"column":null}},"64":{"start":{"line":141,"column":4},"end":{"line":141,"column":null}},"65":{"start":{"line":141,"column":29},"end":{"line":141,"column":38}},"66":{"start":{"line":145,"column":2},"end":{"line":173,"column":null}},"67":{"start":{"line":146,"column":4},"end":{"line":171,"column":null}},"68":{"start":{"line":147,"column":20},"end":{"line":170,"column":14}},"69":{"start":{"line":148,"column":28},"end":{"line":166,"column":null}},"70":{"start":{"line":168,"column":8},"end":{"line":168,"column":null}},"71":{"start":{"line":169,"column":8},"end":{"line":169,"column":null}},"72":{"start":{"line":171,"column":6},"end":{"line":171,"column":null}},"73":{"start":{"line":171,"column":19},"end":{"line":171,"column":38}},"74":{"start":{"line":175,"column":8},"end":{"line":178,"column":null}},"75":{"start":{"line":176,"column":16},"end":{"line":176,"column":61}},"76":{"start":{"line":177,"column":4},"end":{"line":177,"column":null}},"77":{"start":{"line":178,"column":4},"end":{"line":178,"column":null}},"78":{"start":{"line":178,"column":15},"end":{"line":178,"column":null}},"79":{"start":{"line":181,"column":2},"end":{"line":294,"column":null}},"80":{"start":{"line":234,"column":20},"end":{"line":246,"column":null}},"81":{"start":{"line":239,"column":39},"end":{"line":239,"column":65}},"82":{"start":{"line":284,"column":14},"end":{"line":289,"column":null}},"83":{"start":{"line":288,"column":31},"end":{"line":288,"column":null}}},"fnMap":{"0":{"name":"MapHandler","decl":{"start":{"line":13,"column":9},"end":{"line":13,"column":20}},"loc":{"start":{"line":13,"column":76},"end":{"line":110,"column":null}},"line":13},"1":{"name":"(anonymous_1)","decl":{"start":{"line":18,"column":2},"end":{"line":18,"column":18}},"loc":{"start":{"line":18,"column":18},"end":{"line":108,"column":6}},"line":18},"2":{"name":"(anonymous_2)","decl":{"start":{"line":21,"column":26},"end":{"line":21,"column":38}},"loc":{"start":{"line":21,"column":38},"end":{"line":103,"column":null}},"line":21},"3":{"name":"(anonymous_3)","decl":{"start":{"line":39,"column":45},"end":{"line":39,"column":50}},"loc":{"start":{"line":39,"column":55},"end":{"line":39,"column":118}},"line":39},"4":{"name":"(anonymous_4)","decl":{"start":{"line":40,"column":45},"end":{"line":40,"column":50}},"loc":{"start":{"line":40,"column":55},"end":{"line":40,"column":102}},"line":40},"5":{"name":"(anonymous_5)","decl":{"start":{"line":55,"column":31},"end":{"line":55,"column":41}},"loc":{"start":{"line":55,"column":67},"end":{"line":97,"column":null}},"line":55},"6":{"name":"(anonymous_6)","decl":{"start":{"line":59,"column":55},"end":{"line":59,"column":60}},"loc":{"start":{"line":59,"column":72},"end":{"line":67,"column":17}},"line":59},"7":{"name":"(anonymous_7)","decl":{"start":{"line":79,"column":41},"end":{"line":79,"column":46}},"loc":{"start":{"line":79,"column":60},"end":{"line":92,"column":null}},"line":79},"8":{"name":"PollingFinder","decl":{"start":{"line":116,"column":24},"end":{"line":116,"column":40}},"loc":{"start":{"line":116,"column":40},"end":{"line":294,"column":null}},"line":116},"9":{"name":"(anonymous_9)","decl":{"start":{"line":126,"column":23},"end":{"line":126,"column":36}},"loc":{"start":{"line":126,"column":42},"end":{"line":142,"column":6}},"line":126},"10":{"name":"(anonymous_10)","decl":{"start":{"line":141,"column":4},"end":{"line":141,"column":21}},"loc":{"start":{"line":141,"column":29},"end":{"line":141,"column":38}},"line":141},"11":{"name":"(anonymous_11)","decl":{"start":{"line":145,"column":2},"end":{"line":145,"column":18}},"loc":{"start":{"line":145,"column":18},"end":{"line":173,"column":6}},"line":145},"12":{"name":"(anonymous_12)","decl":{"start":{"line":147,"column":20},"end":{"line":147,"column":37}},"loc":{"start":{"line":147,"column":37},"end":{"line":170,"column":14}},"line":147},"13":{"name":"(anonymous_13)","decl":{"start":{"line":171,"column":6},"end":{"line":171,"column":19}},"loc":{"start":{"line":171,"column":19},"end":{"line":171,"column":38}},"line":171},"14":{"name":"(anonymous_14)","decl":{"start":{"line":175,"column":8},"end":{"line":175,"column":27}},"loc":{"start":{"line":175,"column":33},"end":{"line":178,"column":null}},"line":175},"15":{"name":"(anonymous_15)","decl":{"start":{"line":233,"column":27},"end":{"line":233,"column":32}},"loc":{"start":{"line":234,"column":20},"end":{"line":246,"column":null}},"line":234},"16":{"name":"(anonymous_16)","decl":{"start":{"line":239,"column":24},"end":{"line":239,"column":39}},"loc":{"start":{"line":239,"column":39},"end":{"line":239,"column":65}},"line":239},"17":{"name":"(anonymous_17)","decl":{"start":{"line":283,"column":21},"end":{"line":283,"column":26}},"loc":{"start":{"line":284,"column":14},"end":{"line":289,"column":null}},"line":284},"18":{"name":"(anonymous_18)","decl":{"start":{"line":288,"column":16},"end":{"line":288,"column":31}},"loc":{"start":{"line":288,"column":31},"end":{"line":288,"column":null}},"line":288}},"branchMap":{"0":{"loc":{"start":{"line":8,"column":15},"end":{"line":8,"column":null}},"type":"binary-expr","locations":[{"start":{"line":8,"column":15},"end":{"line":8,"column":58}},{"start":{"line":8,"column":58},"end":{"line":8,"column":null}}],"line":8},"1":{"loc":{"start":{"line":19,"column":4},"end":{"line":19,"column":null}},"type":"if","locations":[{"start":{"line":19,"column":4},"end":{"line":19,"column":null}},{"start":{},"end":{}}],"line":19},"2":{"loc":{"start":{"line":19,"column":8},"end":{"line":19,"column":68}},"type":"binary-expr","locations":[{"start":{"line":19,"column":8},"end":{"line":19,"column":16}},{"start":{"line":19,"column":16},"end":{"line":19,"column":33}},{"start":{"line":19,"column":33},"end":{"line":19,"column":47}},{"start":{"line":19,"column":47},"end":{"line":19,"column":68}}],"line":19},"3":{"loc":{"start":{"line":32,"column":8},"end":{"line":99,"column":null}},"type":"if","locations":[{"start":{"line":32,"column":8},"end":{"line":99,"column":null}},{"start":{"line":98,"column":15},"end":{"line":99,"column":null}}],"line":32},"4":{"loc":{"start":{"line":32,"column":12},"end":{"line":32,"column":53}},"type":"binary-expr","locations":[{"start":{"line":32,"column":12},"end":{"line":32,"column":32}},{"start":{"line":32,"column":32},"end":{"line":32,"column":53}}],"line":32},"5":{"loc":{"start":{"line":39,"column":27},"end":{"line":39,"column":null}},"type":"binary-expr","locations":[{"start":{"line":39,"column":27},"end":{"line":39,"column":134}},{"start":{"line":39,"column":134},"end":{"line":39,"column":null}}],"line":39},"6":{"loc":{"start":{"line":39,"column":55},"end":{"line":39,"column":118}},"type":"binary-expr","locations":[{"start":{"line":39,"column":55},"end":{"line":39,"column":86}},{"start":{"line":39,"column":90},"end":{"line":39,"column":118}}],"line":39},"7":{"loc":{"start":{"line":40,"column":27},"end":{"line":40,"column":null}},"type":"binary-expr","locations":[{"start":{"line":40,"column":27},"end":{"line":40,"column":118}},{"start":{"line":40,"column":118},"end":{"line":40,"column":null}}],"line":40},"8":{"loc":{"start":{"line":41,"column":27},"end":{"line":41,"column":null}},"type":"cond-expr","locations":[{"start":{"line":41,"column":38},"end":{"line":41,"column":67}},{"start":{"line":41,"column":67},"end":{"line":41,"column":null}}],"line":41},"9":{"loc":{"start":{"line":58,"column":12},"end":{"line":92,"column":null}},"type":"if","locations":[{"start":{"line":58,"column":12},"end":{"line":92,"column":null}},{"start":{"line":68,"column":19},"end":{"line":92,"column":null}}],"line":58},"10":{"loc":{"start":{"line":58,"column":16},"end":{"line":58,"column":106}},"type":"binary-expr","locations":[{"start":{"line":58,"column":16},"end":{"line":58,"column":63}},{"start":{"line":58,"column":63},"end":{"line":58,"column":80}},{"start":{"line":58,"column":80},"end":{"line":58,"column":106}}],"line":58},"11":{"loc":{"start":{"line":60,"column":20},"end":{"line":60,"column":null}},"type":"binary-expr","locations":[{"start":{"line":60,"column":20},"end":{"line":60,"column":34}},{"start":{"line":60,"column":34},"end":{"line":60,"column":null}}],"line":60},"12":{"loc":{"start":{"line":62,"column":25},"end":{"line":62,"column":null}},"type":"binary-expr","locations":[{"start":{"line":62,"column":25},"end":{"line":62,"column":39}},{"start":{"line":62,"column":39},"end":{"line":62,"column":null}}],"line":62},"13":{"loc":{"start":{"line":131,"column":4},"end":{"line":135,"column":null}},"type":"if","locations":[{"start":{"line":131,"column":4},"end":{"line":135,"column":null}},{"start":{},"end":{}}],"line":131},"14":{"loc":{"start":{"line":146,"column":4},"end":{"line":171,"column":null}},"type":"if","locations":[{"start":{"line":146,"column":4},"end":{"line":171,"column":null}},{"start":{},"end":{}}],"line":146},"15":{"loc":{"start":{"line":146,"column":8},"end":{"line":146,"column":66}},"type":"binary-expr","locations":[{"start":{"line":146,"column":8},"end":{"line":146,"column":30}},{"start":{"line":146,"column":30},"end":{"line":146,"column":43}},{"start":{"line":146,"column":43},"end":{"line":146,"column":66}}],"line":146},"16":{"loc":{"start":{"line":178,"column":4},"end":{"line":178,"column":null}},"type":"if","locations":[{"start":{"line":178,"column":4},"end":{"line":178,"column":null}},{"start":{},"end":{}}],"line":178},"17":{"loc":{"start":{"line":202,"column":28},"end":{"line":202,"column":null}},"type":"cond-expr","locations":[{"start":{"line":202,"column":36},"end":{"line":202,"column":45}},{"start":{"line":202,"column":45},"end":{"line":202,"column":null}}],"line":202},"18":{"loc":{"start":{"line":203,"column":32},"end":{"line":203,"column":null}},"type":"cond-expr","locations":[{"start":{"line":203,"column":40},"end":{"line":203,"column":54}},{"start":{"line":203,"column":54},"end":{"line":203,"column":null}}],"line":203},"19":{"loc":{"start":{"line":206,"column":13},"end":{"line":206,"column":null}},"type":"binary-expr","locations":[{"start":{"line":206,"column":13},"end":{"line":206,"column":22}},{"start":{"line":206,"column":22},"end":{"line":206,"column":null}}],"line":206},"20":{"loc":{"start":{"line":210,"column":13},"end":{"line":210,"column":null}},"type":"cond-expr","locations":[{"start":{"line":210,"column":25},"end":{"line":210,"column":44}},{"start":{"line":210,"column":44},"end":{"line":210,"column":null}}],"line":210},"21":{"loc":{"start":{"line":216,"column":13},"end":{"line":260,"column":null}},"type":"cond-expr","locations":[{"start":{"line":217,"column":14},"end":{"line":252,"column":15}},{"start":{"line":252,"column":14},"end":{"line":260,"column":null}}],"line":216},"22":{"loc":{"start":{"line":216,"column":13},"end":{"line":216,"column":null}},"type":"binary-expr","locations":[{"start":{"line":216,"column":13},"end":{"line":216,"column":25}},{"start":{"line":216,"column":25},"end":{"line":216,"column":null}}],"line":216},"23":{"loc":{"start":{"line":234,"column":20},"end":{"line":246,"column":null}},"type":"binary-expr","locations":[{"start":{"line":234,"column":20},"end":{"line":234,"column":33}},{"start":{"line":234,"column":33},"end":{"line":234,"column":null}},{"start":{"line":235,"column":22},"end":{"line":246,"column":null}}],"line":234},"24":{"loc":{"start":{"line":242,"column":38},"end":{"line":242,"column":null}},"type":"cond-expr","locations":[{"start":{"line":242,"column":65},"end":{"line":242,"column":77}},{"start":{"line":242,"column":77},"end":{"line":242,"column":null}}],"line":242},"25":{"loc":{"start":{"line":243,"column":39},"end":{"line":243,"column":null}},"type":"cond-expr","locations":[{"start":{"line":243,"column":66},"end":{"line":243,"column":78}},{"start":{"line":243,"column":78},"end":{"line":243,"column":null}}],"line":243},"26":{"loc":{"start":{"line":265,"column":13},"end":{"line":268,"column":null}},"type":"binary-expr","locations":[{"start":{"line":265,"column":13},"end":{"line":265,"column":26}},{"start":{"line":265,"column":26},"end":{"line":265,"column":null}},{"start":{"line":266,"column":14},"end":{"line":268,"column":null}}],"line":265},"27":{"loc":{"start":{"line":271,"column":13},"end":{"line":274,"column":null}},"type":"binary-expr","locations":[{"start":{"line":271,"column":13},"end":{"line":271,"column":null}},{"start":{"line":272,"column":14},"end":{"line":274,"column":null}}],"line":271},"28":{"loc":{"start":{"line":277,"column":13},"end":{"line":280,"column":null}},"type":"binary-expr","locations":[{"start":{"line":277,"column":13},"end":{"line":277,"column":25}},{"start":{"line":277,"column":25},"end":{"line":277,"column":39}},{"start":{"line":277,"column":39},"end":{"line":277,"column":null}},{"start":{"line":278,"column":14},"end":{"line":280,"column":null}}],"line":277}},"s":{"0":1,"1":1,"2":19,"3":19,"4":19,"5":19,"6":16,"7":16,"8":0,"9":0,"10":0,"11":0,"12":0,"13":0,"14":0,"15":0,"16":0,"17":0,"18":0,"19":0,"20":0,"21":0,"22":0,"23":0,"24":0,"25":0,"26":0,"27":0,"28":0,"29":0,"30":0,"31":0,"32":0,"33":0,"34":0,"35":0,"36":0,"37":0,"38":0,"39":0,"40":0,"41":0,"42":0,"43":19,"44":19,"45":19,"46":19,"47":19,"48":19,"49":19,"50":19,"51":19,"52":19,"53":3,"54":3,"55":3,"56":3,"57":3,"58":3,"59":3,"60":3,"61":0,"62":0,"63":0,"64":0,"65":0,"66":19,"67":16,"68":0,"69":0,"70":0,"71":0,"72":0,"73":0,"74":19,"75":6,"76":6,"77":6,"78":1,"79":19,"80":0,"81":0,"82":0,"83":0},"f":{"0":19,"1":16,"2":0,"3":0,"4":0,"5":0,"6":0,"7":0,"8":19,"9":3,"10":0,"11":16,"12":0,"13":0,"14":6,"15":0,"16":0,"17":0,"18":0},"b":{"0":[1,1],"1":[16,0],"2":[16,0,0,0],"3":[0,0],"4":[0,0],"5":[0,0],"6":[0,0],"7":[0,0],"8":[0,0],"9":[0,0],"10":[0,0,0],"11":[0,0],"12":[0,0],"13":[3,0],"14":[0,16],"15":[16,0,0],"16":[1,5],"17":[3,16],"18":[3,16],"19":[19,3],"20":[0,19],"21":[19,0],"22":[19,19],"23":[0,0,0],"24":[0,0],"25":[0,0],"26":[19,19,19],"27":[19,0],"28":[19,0,0,0]},"meta":{"lastBranch":29,"lastFunction":19,"lastStatement":84,"seen":{"s:7:17:7:Infinity":0,"s:8:15:8:Infinity":1,"b:8:15:8:58:8:58:8:Infinity":0,"f:13:9:13:20":0,"s:14:8:14:22":2,"s:15:8:15:44":3,"s:16:8:16:50":4,"s:18:2:108:Infinity":5,"f:18:2:18:18":1,"b:19:4:19:Infinity:undefined:undefined:undefined:undefined":1,"s:19:4:19:Infinity":6,"b:19:8:19:16:19:16:19:33:19:33:19:47:19:47:19:68":2,"s:19:68:19:Infinity":7,"s:21:26:103:Infinity":8,"f:21:26:21:38":2,"s:22:6:22:Infinity":9,"s:23:23:23:50":10,"s:25:6:103:Infinity":11,"s:27:25:30:10":12,"b:32:8:99:Infinity:98:15:99:Infinity":3,"s:32:8:99:Infinity":13,"b:32:12:32:32:32:32:32:53":4,"s:33:25:33:Infinity":14,"s:34:27:34:Infinity":15,"s:35:25:35:Infinity":16,"s:38:36:38:Infinity":17,"s:39:27:39:Infinity":18,"b:39:27:39:134:39:134:39:Infinity":5,"f:39:45:39:50":3,"s:39:55:39:118":19,"b:39:55:39:86:39:90:39:118":6,"s:40:27:40:Infinity":20,"b:40:27:40:118:40:118:40:Infinity":7,"f:40:45:40:50":4,"s:40:55:40:102":21,"s:41:27:41:Infinity":22,"b:41:38:41:67:41:67:41:Infinity":8,"s:43:10:43:Infinity":23,"s:44:10:44:Infinity":24,"s:45:10:45:Infinity":25,"s:48:26:48:58":26,"s:49:26:53:Infinity":27,"s:55:10:97:Infinity":28,"f:55:31:55:41":5,"b:58:12:92:Infinity:68:19:92:Infinity":9,"s:58:12:92:Infinity":29,"b:58:16:58:63:58:63:58:80:58:80:58:106":10,"s:59:14:67:Infinity":30,"f:59:55:59:60":6,"s:59:72:67:17":31,"b:60:20:60:34:60:34:60:Infinity":11,"b:62:25:62:39:62:39:62:Infinity":12,"s:70:34:77:Infinity":32,"s:79:14:92:Infinity":33,"f:79:41:79:46":7,"s:81:22:81:Infinity":34,"s:82:22:82:Infinity":35,"s:83:16:91:Infinity":36,"s:95:12:95:Infinity":37,"s:96:12:96:Infinity":38,"s:99:10:99:Infinity":39,"s:102:8:102:Infinity":40,"s:103:8:103:Infinity":41,"s:107:4:107:Infinity":42,"s:110:2:110:Infinity":43,"f:116:24:116:40":8,"s:117:18:117:44":44,"s:118:16:118:40":45,"s:119:18:119:44":46,"s:120:17:120:70":47,"s:121:19:121:49":48,"s:122:24:122:58":49,"s:123:24:123:55":50,"s:124:20:124:51":51,"s:126:8:142:15":52,"f:126:23:126:36":9,"s:127:4:127:Infinity":53,"s:128:10:128:42":54,"s:129:10:129:47":55,"b:131:4:135:Infinity:undefined:undefined:undefined:undefined":13,"s:131:4:135:Infinity":56,"s:132:6:132:Infinity":57,"s:133:6:133:Infinity":58,"s:134:6:134:Infinity":59,"s:135:6:135:Infinity":60,"s:138:4:138:Infinity":61,"s:139:4:139:Infinity":62,"s:140:4:140:Infinity":63,"s:141:4:141:Infinity":64,"f:141:4:141:21":10,"s:141:29:141:38":65,"s:145:2:173:Infinity":66,"f:145:2:145:18":11,"b:146:4:171:Infinity:undefined:undefined:undefined:undefined":14,"s:146:4:171:Infinity":67,"b:146:8:146:30:146:30:146:43:146:43:146:66":15,"s:147:20:170:14":68,"f:147:20:147:37":12,"s:148:28:166:Infinity":69,"s:168:8:168:Infinity":70,"s:169:8:169:Infinity":71,"s:171:6:171:Infinity":72,"f:171:6:171:19":13,"s:171:19:171:38":73,"s:175:8:178:Infinity":74,"f:175:8:175:27":14,"s:176:16:176:61":75,"s:177:4:177:Infinity":76,"b:178:4:178:Infinity:undefined:undefined:undefined:undefined":16,"s:178:4:178:Infinity":77,"s:178:15:178:Infinity":78,"s:181:2:294:Infinity":79,"b:202:36:202:45:202:45:202:Infinity":17,"b:203:40:203:54:203:54:203:Infinity":18,"b:206:13:206:22:206:22:206:Infinity":19,"b:210:25:210:44:210:44:210:Infinity":20,"b:217:14:252:15:252:14:260:Infinity":21,"b:216:13:216:25:216:25:216:Infinity":22,"f:233:27:233:32":15,"s:234:20:246:Infinity":80,"b:234:20:234:33:234:33:234:Infinity:235:22:246:Infinity":23,"f:239:24:239:39":16,"s:239:39:239:65":81,"b:242:65:242:77:242:77:242:Infinity":24,"b:243:66:243:78:243:78:243:Infinity":25,"b:265:13:265:26:265:26:265:Infinity:266:14:268:Infinity":26,"b:271:13:271:Infinity:272:14:274:Infinity":27,"b:277:13:277:25:277:25:277:39:277:39:277:Infinity:278:14:280:Infinity":28,"f:283:21:283:26":17,"s:284:14:289:Infinity":82,"f:288:16:288:31":18,"s:288:31:288:Infinity":83}}}
,"/Users/mohit/Desktop/PromptWars/Challenge2/src/components/timeline/JourneyMap.jsx": {"path":"/Users/mohit/Desktop/PromptWars/Challenge2/src/components/timeline/JourneyMap.jsx","statementMap":{"0":{"start":{"line":13,"column":21},"end":{"line":13,"column":52}},"1":{"start":{"line":14,"column":23},"end":{"line":14,"column":50}},"2":{"start":{"line":14,"column":45},"end":{"line":14,"column":50}},"3":{"start":{"line":15,"column":8},"end":{"line":15,"column":34}},"4":{"start":{"line":17,"column":8},"end":{"line":17,"column":105}},"5":{"start":{"line":19,"column":8},"end":{"line":20,"column":null}},"6":{"start":{"line":20,"column":4},"end":{"line":20,"column":null}},"7":{"start":{"line":20,"column":29},"end":{"line":20,"column":54}},"8":{"start":{"line":23,"column":28},"end":{"line":23,"column":71}},"9":{"start":{"line":23,"column":51},"end":{"line":23,"column":71}},"10":{"start":{"line":26,"column":22},"end":{"line":26,"column":null}},"11":{"start":{"line":27,"column":26},"end":{"line":27,"column":null}},"12":{"start":{"line":29,"column":2},"end":{"line":72,"column":null}},"13":{"start":{"line":54,"column":12},"end":{"line":60,"column":null}},"14":{"start":{"line":58,"column":29},"end":{"line":58,"column":55}}},"fnMap":{"0":{"name":"JourneyMap","decl":{"start":{"line":12,"column":24},"end":{"line":12,"column":37}},"loc":{"start":{"line":12,"column":37},"end":{"line":72,"column":null}},"line":12},"1":{"name":"(anonymous_1)","decl":{"start":{"line":14,"column":34},"end":{"line":14,"column":39}},"loc":{"start":{"line":14,"column":45},"end":{"line":14,"column":50}},"line":14},"2":{"name":"(anonymous_2)","decl":{"start":{"line":19,"column":8},"end":{"line":19,"column":24}},"loc":{"start":{"line":19,"column":31},"end":{"line":20,"column":null}},"line":19},"3":{"name":"(anonymous_3)","decl":{"start":{"line":20,"column":4},"end":{"line":20,"column":19}},"loc":{"start":{"line":20,"column":29},"end":{"line":20,"column":54}},"line":20},"4":{"name":"(anonymous_4)","decl":{"start":{"line":23,"column":39},"end":{"line":23,"column":45}},"loc":{"start":{"line":23,"column":51},"end":{"line":23,"column":71}},"line":23},"5":{"name":"(anonymous_5)","decl":{"start":{"line":53,"column":22},"end":{"line":53,"column":27}},"loc":{"start":{"line":54,"column":12},"end":{"line":60,"column":null}},"line":54},"6":{"name":"(anonymous_6)","decl":{"start":{"line":58,"column":14},"end":{"line":58,"column":29}},"loc":{"start":{"line":58,"column":29},"end":{"line":58,"column":55}},"line":58}},"branchMap":{"0":{"loc":{"start":{"line":17,"column":60},"end":{"line":17,"column":91}},"type":"binary-expr","locations":[{"start":{"line":17,"column":60},"end":{"line":17,"column":74}},{"start":{"line":17,"column":74},"end":{"line":17,"column":91}}],"line":17},"1":{"loc":{"start":{"line":20,"column":29},"end":{"line":20,"column":54}},"type":"cond-expr","locations":[{"start":{"line":20,"column":43},"end":{"line":20,"column":50}},{"start":{"line":20,"column":50},"end":{"line":20,"column":54}}],"line":20},"2":{"loc":{"start":{"line":26,"column":22},"end":{"line":26,"column":null}},"type":"cond-expr","locations":[{"start":{"line":26,"column":35},"end":{"line":26,"column":67}},{"start":{"line":26,"column":70},"end":{"line":26,"column":null}}],"line":26},"3":{"loc":{"start":{"line":27,"column":26},"end":{"line":27,"column":null}},"type":"cond-expr","locations":[{"start":{"line":27,"column":46},"end":{"line":27,"column":95}},{"start":{"line":27,"column":95},"end":{"line":27,"column":null}}],"line":27},"4":{"loc":{"start":{"line":59,"column":24},"end":{"line":59,"column":null}},"type":"cond-expr","locations":[{"start":{"line":59,"column":86},"end":{"line":59,"column":90}},{"start":{"line":59,"column":90},"end":{"line":59,"column":null}}],"line":59},"5":{"loc":{"start":{"line":59,"column":24},"end":{"line":59,"column":86}},"type":"binary-expr","locations":[{"start":{"line":59,"column":24},"end":{"line":59,"column":56}},{"start":{"line":59,"column":56},"end":{"line":59,"column":71}},{"start":{"line":59,"column":71},"end":{"line":59,"column":86}}],"line":59},"6":{"loc":{"start":{"line":65,"column":9},"end":{"line":69,"column":null}},"type":"binary-expr","locations":[{"start":{"line":65,"column":9},"end":{"line":65,"column":null}},{"start":{"line":66,"column":10},"end":{"line":69,"column":null}}],"line":65}},"s":{"0":22,"1":22,"2":88,"3":22,"4":22,"5":22,"6":9,"7":9,"8":22,"9":62,"10":22,"11":22,"12":22,"13":88,"14":9},"f":{"0":22,"1":88,"2":9,"3":9,"4":62,"5":88,"6":9},"b":{"0":[22,11],"1":[1,8],"2":[11,11],"3":[11,11],"4":[22,66],"5":[88,77,44],"6":[22,11]},"meta":{"lastBranch":7,"lastFunction":7,"lastStatement":15,"seen":{"f:12:24:12:37":0,"s:13:21:13:52":0,"s:14:23:14:50":1,"f:14:34:14:39":1,"s:14:45:14:50":2,"s:15:8:15:34":3,"s:17:8:17:105":4,"b:17:60:17:74:17:74:17:91":0,"s:19:8:20:Infinity":5,"f:19:8:19:24":2,"s:20:4:20:Infinity":6,"f:20:4:20:19":3,"s:20:29:20:54":7,"b:20:43:20:50:20:50:20:54":1,"s:23:28:23:71":8,"f:23:39:23:45":4,"s:23:51:23:71":9,"s:26:22:26:Infinity":10,"b:26:35:26:67:26:70:26:Infinity":2,"s:27:26:27:Infinity":11,"b:27:46:27:95:27:95:27:Infinity":3,"s:29:2:72:Infinity":12,"f:53:22:53:27":5,"s:54:12:60:Infinity":13,"f:58:14:58:29":6,"s:58:29:58:55":14,"b:59:86:59:90:59:90:59:Infinity":4,"b:59:24:59:56:59:56:59:71:59:71:59:86":5,"b:65:9:65:Infinity:66:10:69:Infinity":6}}}
,"/Users/mohit/Desktop/PromptWars/Challenge2/src/components/timeline/MilestoneDashboard.jsx": {"path":"/Users/mohit/Desktop/PromptWars/Challenge2/src/components/timeline/MilestoneDashboard.jsx","statementMap":{"0":{"start":{"line":15,"column":19},"end":{"line":15,"column":null}},"1":{"start":{"line":17,"column":2},"end":{"line":99,"column":null}},"2":{"start":{"line":62,"column":10},"end":{"line":71,"column":null}},"3":{"start":{"line":66,"column":16},"end":{"line":68,"column":null}},"4":{"start":{"line":88,"column":12},"end":{"line":98,"column":null}},"5":{"start":{"line":106,"column":0},"end":{"line":106,"column":null}}},"fnMap":{"0":{"name":"MilestoneDashboard","decl":{"start":{"line":14,"column":9},"end":{"line":14,"column":28}},"loc":{"start":{"line":14,"column":47},"end":{"line":99,"column":null}},"line":14},"1":{"name":"(anonymous_1)","decl":{"start":{"line":61,"column":28},"end":{"line":61,"column":33}},"loc":{"start":{"line":62,"column":10},"end":{"line":71,"column":null}},"line":62},"2":{"name":"(anonymous_2)","decl":{"start":{"line":65,"column":29},"end":{"line":65,"column":34}},"loc":{"start":{"line":66,"column":16},"end":{"line":68,"column":null}},"line":66},"3":{"name":"(anonymous_3)","decl":{"start":{"line":87,"column":30},"end":{"line":87,"column":35}},"loc":{"start":{"line":88,"column":12},"end":{"line":98,"column":null}},"line":88}},"branchMap":{"0":{"loc":{"start":{"line":41,"column":7},"end":{"line":55,"column":null}},"type":"binary-expr","locations":[{"start":{"line":41,"column":7},"end":{"line":41,"column":null}},{"start":{"line":42,"column":8},"end":{"line":55,"column":null}}],"line":41},"1":{"loc":{"start":{"line":53,"column":25},"end":{"line":53,"column":75}},"type":"binary-expr","locations":[{"start":{"line":53,"column":25},"end":{"line":53,"column":50}},{"start":{"line":53,"column":50},"end":{"line":53,"column":75}}],"line":53},"2":{"loc":{"start":{"line":55,"column":14},"end":{"line":55,"column":null}},"type":"binary-expr","locations":[{"start":{"line":55,"column":14},"end":{"line":55,"column":39}},{"start":{"line":55,"column":39},"end":{"line":55,"column":null}}],"line":55},"3":{"loc":{"start":{"line":76,"column":7},"end":{"line":99,"column":null}},"type":"binary-expr","locations":[{"start":{"line":76,"column":7},"end":{"line":76,"column":29}},{"start":{"line":76,"column":29},"end":{"line":76,"column":null}},{"start":{"line":77,"column":8},"end":{"line":99,"column":null}}],"line":76}},"s":{"0":11,"1":11,"2":33,"3":140,"4":24,"5":1},"f":{"0":11,"1":33,"2":140,"3":24},"b":{"0":[11,11],"1":[11,0],"2":[11,0],"3":[11,11,11]},"meta":{"lastBranch":4,"lastFunction":4,"lastStatement":6,"seen":{"f:14:9:14:28":0,"s:15:19:15:Infinity":0,"s:17:2:99:Infinity":1,"b:41:7:41:Infinity:42:8:55:Infinity":0,"b:53:25:53:50:53:50:53:75":1,"b:55:14:55:39:55:39:55:Infinity":2,"f:61:28:61:33":1,"s:62:10:71:Infinity":2,"f:65:29:65:34":2,"s:66:16:68:Infinity":3,"b:76:7:76:29:76:29:76:Infinity:77:8:99:Infinity":3,"f:87:30:87:35":3,"s:88:12:98:Infinity":4,"s:106:0:106:Infinity":5}}}
,"/Users/mohit/Desktop/PromptWars/Challenge2/src/components/timeline/MilestoneNode.jsx": {"path":"/Users/mohit/Desktop/PromptWars/Challenge2/src/components/timeline/MilestoneNode.jsx","statementMap":{"0":{"start":{"line":17,"column":2},"end":{"line":34,"column":null}},"1":{"start":{"line":39,"column":0},"end":{"line":39,"column":null}}},"fnMap":{"0":{"name":"MilestoneNode","decl":{"start":{"line":16,"column":9},"end":{"line":16,"column":23}},"loc":{"start":{"line":16,"column":69},"end":{"line":34,"column":null}},"line":16}},"branchMap":{},"s":{"0":88,"1":1},"f":{"0":88},"b":{},"meta":{"lastBranch":0,"lastFunction":1,"lastStatement":2,"seen":{"f:16:9:16:23":0,"s:17:2:34:Infinity":0,"s:39:0:39:Infinity":1}}}
,"/Users/mohit/Desktop/PromptWars/Challenge2/src/contexts/AuthContext.jsx": {"path":"/Users/mohit/Desktop/PromptWars/Challenge2/src/contexts/AuthContext.jsx","statementMap":{"0":{"start":{"line":9,"column":6},"end":{"line":9,"column":39}},"1":{"start":{"line":12,"column":15},"end":{"line":12,"column":40}},"2":{"start":{"line":13,"column":18},"end":{"line":13,"column":46}},"3":{"start":{"line":15,"column":2},"end":{"line":21,"column":null}},"4":{"start":{"line":16,"column":10},"end":{"line":19,"column":null}},"5":{"start":{"line":17,"column":6},"end":{"line":17,"column":null}},"6":{"start":{"line":18,"column":6},"end":{"line":18,"column":null}},"7":{"start":{"line":20,"column":4},"end":{"line":20,"column":null}},"8":{"start":{"line":23,"column":17},"end":{"line":31,"column":null}},"9":{"start":{"line":24,"column":4},"end":{"line":31,"column":null}},"10":{"start":{"line":25,"column":6},"end":{"line":25,"column":null}},"11":{"start":{"line":26,"column":6},"end":{"line":26,"column":null}},"12":{"start":{"line":28,"column":6},"end":{"line":28,"column":null}},"13":{"start":{"line":29,"column":6},"end":{"line":29,"column":null}},"14":{"start":{"line":31,"column":6},"end":{"line":31,"column":null}},"15":{"start":{"line":35,"column":18},"end":{"line":40,"column":null}},"16":{"start":{"line":36,"column":4},"end":{"line":40,"column":null}},"17":{"start":{"line":37,"column":6},"end":{"line":37,"column":null}},"18":{"start":{"line":39,"column":6},"end":{"line":39,"column":null}},"19":{"start":{"line":40,"column":6},"end":{"line":40,"column":null}},"20":{"start":{"line":44,"column":2},"end":{"line":47,"column":null}},"21":{"start":{"line":52,"column":8},"end":{"line":52,"column":41}},"22":{"start":{"line":53,"column":2},"end":{"line":54,"column":null}},"23":{"start":{"line":54,"column":4},"end":{"line":54,"column":null}},"24":{"start":{"line":56,"column":2},"end":{"line":56,"column":null}}},"fnMap":{"0":{"name":"AuthProvider","decl":{"start":{"line":11,"column":16},"end":{"line":11,"column":29}},"loc":{"start":{"line":11,"column":43},"end":{"line":47,"column":null}},"line":11},"1":{"name":"(anonymous_1)","decl":{"start":{"line":15,"column":2},"end":{"line":15,"column":18}},"loc":{"start":{"line":15,"column":18},"end":{"line":21,"column":7}},"line":15},"2":{"name":"(anonymous_2)","decl":{"start":{"line":16,"column":43},"end":{"line":16,"column":50}},"loc":{"start":{"line":16,"column":67},"end":{"line":19,"column":null}},"line":16},"3":{"name":"(anonymous_3)","decl":{"start":{"line":23,"column":17},"end":{"line":23,"column":29}},"loc":{"start":{"line":23,"column":29},"end":{"line":31,"column":null}},"line":23},"4":{"name":"(anonymous_4)","decl":{"start":{"line":35,"column":18},"end":{"line":35,"column":30}},"loc":{"start":{"line":35,"column":30},"end":{"line":40,"column":null}},"line":35},"5":{"name":"useAuth","decl":{"start":{"line":51,"column":16},"end":{"line":51,"column":26}},"loc":{"start":{"line":51,"column":26},"end":{"line":56,"column":null}},"line":51}},"branchMap":{"0":{"loc":{"start":{"line":53,"column":2},"end":{"line":54,"column":null}},"type":"if","locations":[{"start":{"line":53,"column":2},"end":{"line":54,"column":null}},{"start":{},"end":{}}],"line":53}},"s":{"0":3,"1":58,"2":58,"3":58,"4":29,"5":29,"6":29,"7":29,"8":58,"9":0,"10":0,"11":0,"12":0,"13":0,"14":0,"15":58,"16":0,"17":0,"18":0,"19":0,"20":58,"21":40,"22":40,"23":0,"24":40},"f":{"0":58,"1":29,"2":29,"3":0,"4":0,"5":40},"b":{"0":[0,40]},"meta":{"lastBranch":1,"lastFunction":6,"lastStatement":25,"seen":{"s:9:6:9:39":0,"f:11:16:11:29":0,"s:12:15:12:40":1,"s:13:18:13:46":2,"s:15:2:21:Infinity":3,"f:15:2:15:18":1,"s:16:10:19:Infinity":4,"f:16:43:16:50":2,"s:17:6:17:Infinity":5,"s:18:6:18:Infinity":6,"s:20:4:20:Infinity":7,"s:23:17:31:Infinity":8,"f:23:17:23:29":3,"s:24:4:31:Infinity":9,"s:25:6:25:Infinity":10,"s:26:6:26:Infinity":11,"s:28:6:28:Infinity":12,"s:29:6:29:Infinity":13,"s:31:6:31:Infinity":14,"s:35:18:40:Infinity":15,"f:35:18:35:30":4,"s:36:4:40:Infinity":16,"s:37:6:37:Infinity":17,"s:39:6:39:Infinity":18,"s:40:6:40:Infinity":19,"s:44:2:47:Infinity":20,"f:51:16:51:26":5,"s:52:8:52:41":21,"b:53:2:54:Infinity:undefined:undefined:undefined:undefined":0,"s:53:2:54:Infinity":22,"s:54:4:54:Infinity":23,"s:56:2:56:Infinity":24}}}
,"/Users/mohit/Desktop/PromptWars/Challenge2/src/contexts/ThemeContext.jsx": {"path":"/Users/mohit/Desktop/PromptWars/Challenge2/src/contexts/ThemeContext.jsx","statementMap":{"0":{"start":{"line":7,"column":6},"end":{"line":7,"column":40}},"1":{"start":{"line":9,"column":15},"end":{"line":9,"column":null}},"2":{"start":{"line":10,"column":20},"end":{"line":10,"column":null}},"3":{"start":{"line":13,"column":17},"end":{"line":13,"column":50}},"4":{"start":{"line":14,"column":2},"end":{"line":14,"column":null}},"5":{"start":{"line":14,"column":41},"end":{"line":14,"column":null}},"6":{"start":{"line":15,"column":2},"end":{"line":15,"column":null}},"7":{"start":{"line":15,"column":67},"end":{"line":15,"column":null}},"8":{"start":{"line":16,"column":2},"end":{"line":16,"column":null}},"9":{"start":{"line":20,"column":16},"end":{"line":20,"column":58}},"10":{"start":{"line":22,"column":8},"end":{"line":27,"column":8}},"11":{"start":{"line":23,"column":4},"end":{"line":25,"column":null}},"12":{"start":{"line":24,"column":6},"end":{"line":24,"column":null}},"13":{"start":{"line":25,"column":6},"end":{"line":25,"column":null}},"14":{"start":{"line":29,"column":8},"end":{"line":36,"column":8}},"15":{"start":{"line":30,"column":4},"end":{"line":35,"column":null}},"16":{"start":{"line":31,"column":18},"end":{"line":31,"column":41}},"17":{"start":{"line":32,"column":19},"end":{"line":32,"column":null}},"18":{"start":{"line":33,"column":6},"end":{"line":33,"column":null}},"19":{"start":{"line":34,"column":6},"end":{"line":34,"column":null}},"20":{"start":{"line":38,"column":2},"end":{"line":40,"column":null}},"21":{"start":{"line":39,"column":4},"end":{"line":39,"column":null}},"22":{"start":{"line":42,"column":2},"end":{"line":45,"column":null}},"23":{"start":{"line":50,"column":8},"end":{"line":50,"column":42}},"24":{"start":{"line":51,"column":2},"end":{"line":51,"column":null}},"25":{"start":{"line":51,"column":16},"end":{"line":51,"column":null}},"26":{"start":{"line":52,"column":2},"end":{"line":52,"column":null}}},"fnMap":{"0":{"name":"getInitialTheme","decl":{"start":{"line":12,"column":9},"end":{"line":12,"column":27}},"loc":{"start":{"line":12,"column":27},"end":{"line":16,"column":null}},"line":12},"1":{"name":"ThemeProvider","decl":{"start":{"line":19,"column":16},"end":{"line":19,"column":30}},"loc":{"start":{"line":19,"column":44},"end":{"line":45,"column":null}},"line":19},"2":{"name":"(anonymous_2)","decl":{"start":{"line":22,"column":19},"end":{"line":22,"column":32}},"loc":{"start":{"line":22,"column":45},"end":{"line":27,"column":7}},"line":22},"3":{"name":"(anonymous_3)","decl":{"start":{"line":29,"column":21},"end":{"line":29,"column":39}},"loc":{"start":{"line":29,"column":39},"end":{"line":36,"column":7}},"line":29},"4":{"name":"(anonymous_4)","decl":{"start":{"line":30,"column":4},"end":{"line":30,"column":19}},"loc":{"start":{"line":30,"column":31},"end":{"line":35,"column":null}},"line":30},"5":{"name":"(anonymous_5)","decl":{"start":{"line":38,"column":2},"end":{"line":38,"column":18}},"loc":{"start":{"line":38,"column":18},"end":{"line":40,"column":6}},"line":38},"6":{"name":"useTheme","decl":{"start":{"line":49,"column":16},"end":{"line":49,"column":27}},"loc":{"start":{"line":49,"column":27},"end":{"line":52,"column":null}},"line":49}},"branchMap":{"0":{"loc":{"start":{"line":14,"column":2},"end":{"line":14,"column":null}},"type":"if","locations":[{"start":{"line":14,"column":2},"end":{"line":14,"column":null}},{"start":{},"end":{}}],"line":14},"1":{"loc":{"start":{"line":14,"column":6},"end":{"line":14,"column":39}},"type":"binary-expr","locations":[{"start":{"line":14,"column":6},"end":{"line":14,"column":16}},{"start":{"line":14,"column":16},"end":{"line":14,"column":39}}],"line":14},"2":{"loc":{"start":{"line":15,"column":2},"end":{"line":15,"column":null}},"type":"if","locations":[{"start":{"line":15,"column":2},"end":{"line":15,"column":null}},{"start":{},"end":{}}],"line":15},"3":{"loc":{"start":{"line":23,"column":4},"end":{"line":25,"column":null}},"type":"if","locations":[{"start":{"line":23,"column":4},"end":{"line":25,"column":null}},{"start":{},"end":{}}],"line":23},"4":{"loc":{"start":{"line":51,"column":2},"end":{"line":51,"column":null}},"type":"if","locations":[{"start":{"line":51,"column":2},"end":{"line":51,"column":null}},{"start":{},"end":{}}],"line":51}},"s":{"0":3,"1":3,"2":3,"3":29,"4":29,"5":0,"6":29,"7":0,"8":29,"9":29,"10":29,"11":0,"12":0,"13":0,"14":29,"15":0,"16":0,"17":0,"18":0,"19":0,"20":29,"21":29,"22":29,"23":0,"24":0,"25":0,"26":0},"f":{"0":29,"1":29,"2":0,"3":0,"4":0,"5":29,"6":0},"b":{"0":[0,29],"1":[29,0],"2":[0,29],"3":[0,0],"4":[0,0]},"meta":{"lastBranch":5,"lastFunction":7,"lastStatement":27,"seen":{"s:7:6:7:40":0,"s:9:15:9:Infinity":1,"s:10:20:10:Infinity":2,"f:12:9:12:27":0,"s:13:17:13:50":3,"b:14:2:14:Infinity:undefined:undefined:undefined:undefined":0,"s:14:2:14:Infinity":4,"b:14:6:14:16:14:16:14:39":1,"s:14:41:14:Infinity":5,"b:15:2:15:Infinity:undefined:undefined:undefined:undefined":2,"s:15:2:15:Infinity":6,"s:15:67:15:Infinity":7,"s:16:2:16:Infinity":8,"f:19:16:19:30":1,"s:20:16:20:58":9,"s:22:8:27:8":10,"f:22:19:22:32":2,"b:23:4:25:Infinity:undefined:undefined:undefined:undefined":3,"s:23:4:25:Infinity":11,"s:24:6:24:Infinity":12,"s:25:6:25:Infinity":13,"s:29:8:36:8":14,"f:29:21:29:39":3,"s:30:4:35:Infinity":15,"f:30:4:30:19":4,"s:31:18:31:41":16,"s:32:19:32:Infinity":17,"s:33:6:33:Infinity":18,"s:34:6:34:Infinity":19,"s:38:2:40:Infinity":20,"f:38:2:38:18":5,"s:39:4:39:Infinity":21,"s:42:2:45:Infinity":22,"f:49:16:49:27":6,"s:50:8:50:42":23,"b:51:2:51:Infinity:undefined:undefined:undefined:undefined":4,"s:51:2:51:Infinity":24,"s:51:16:51:Infinity":25,"s:52:2:52:Infinity":26}}}
,"/Users/mohit/Desktop/PromptWars/Challenge2/src/data/electionData.js": {"path":"/Users/mohit/Desktop/PromptWars/Challenge2/src/data/electionData.js","statementMap":{"0":{"start":{"line":6,"column":26},"end":{"line":182,"column":null}},"1":{"start":{"line":184,"column":31},"end":{"line":235,"column":null}},"2":{"start":{"line":237,"column":37},"end":{"line":244,"column":null}}},"fnMap":{},"branchMap":{},"s":{"0":2,"1":2,"2":2},"f":{},"b":{},"meta":{"lastBranch":0,"lastFunction":0,"lastStatement":3,"seen":{"s:6:26:182:Infinity":0,"s:184:31:235:Infinity":1,"s:237:37:244:Infinity":2}}}
[...]
"3":{"loc":{"start":{"line":37,"column":4},"end":{"line":37,"column":null}},"type":"if","locations":[{"start":{"line":37,"column":4},"end":{"line":37,"column":null}},{"start":{},"end":{}}],"line":37},"4":{"loc":{"start":{"line":72,"column":2},"end":{"line":74,"column":null}},"type":"if","locations":[{"start":{"line":72,"column":2},"end":{"line":74,"column":null}},{"start":{},"end":{}}],"line":72},"5":{"loc":{"start":{"line":81,"column":6},"end":{"line":84,"column":null}},"type":"if","locations":[{"start":{"line":81,"column":6},"end":{"line":84,"column":null}},{"start":{"line":83,"column":13},"end":{"line":84,"column":null}}],"line":81},"6":{"loc":{"start":{"line":96,"column":2},"end":{"line":97,"column":null}},"type":"if","locations":[{"start":{"line":96,"column":2},"end":{"line":97,"column":null}},{"start":{},"end":{}}],"line":96},"7":{"loc":{"start":{"line":111,"column":38},"end":{"line":111,"column":72}},"type":"default-arg","locations":[{"start":{"line":111,"column":49},"end":{"line":111,"column":72}}],"line":111}},"s":{"0":2,"1":2,"2":2,"3":2,"4":2,"5":18,"6":18,"7":1,"8":1,"9":17,"10":15,"11":15,"12":2,"13":2,"14":2,"15":2,"16":1,"17":1,"18":2,"19":2,"20":17,"21":17,"22":1,"23":1,"24":16,"25":14,"26":14,"27":2,"28":2,"29":2,"30":2,"31":1,"32":1,"33":2,"34":2,"35":17,"36":16,"37":15,"38":15,"39":1,"40":3,"41":1,"42":1,"43":2,"44":0,"45":0,"46":0,"47":3,"48":1,"49":1,"50":1,"51":1,"52":1,"53":1},"f":{"0":18,"1":18,"2":1,"3":17,"4":17,"5":1,"6":17,"7":15,"8":3,"9":0,"10":1,"11":1},"b":{"0":[1,17],"1":[15,2],"2":[1,16],"3":[14,2],"4":[1,2],"5":[0,0],"6":[1,0],"7":[1]},"meta":{"lastBranch":8,"lastFunction":12,"lastStatement":54,"seen":{"s:6:15:6:Infinity":0,"s:7:22:7:Infinity":1,"s:9:17:9:Infinity":2,"s:10:16:10:Infinity":3,"s:11:18:11:Infinity":4,"f:17:16:17:33":0,"s:18:2:27:Infinity":5,"f:18:13:18:22":1,"b:19:4:19:Infinity:undefined:undefined:undefined:undefined":0,"s:19:4:19:Infinity":6,"s:19:22:19:33":7,"s:19:33:19:Infinity":8,"b:20:4:20:Infinity:undefined:undefined:undefined:undefined":1,"s:20:4:20:Infinity":9,"s:20:50:20:61":10,"s:20:61:20:Infinity":11,"s:21:19:21:51":12,"s:22:4:22:Infinity":13,"s:23:4:23:Infinity":14,"s:24:4:24:Infinity":15,"f:24:11:24:26":2,"s:24:28:24:47":16,"s:24:47:24:Infinity":17,"s:25:4:25:Infinity":18,"s:26:4:26:Infinity":19,"f:34:16:34:32":3,"s:35:2:44:Infinity":20,"f:35:13:35:22":4,"b:36:4:36:Infinity:undefined:undefined:undefined:undefined":2,"s:36:4:36:Infinity":21,"s:36:21:36:32":22,"s:36:32:36:Infinity":23,"b:37:4:37:Infinity:undefined:undefined:undefined:undefined":3,"s:37:4:37:Infinity":24,"s:37:49:37:60":25,"s:37:60:37:Infinity":26,"s:38:19:38:51":27,"s:39:4:39:Infinity":28,"s:40:4:40:Infinity":29,"s:41:4:41:Infinity":30,"f:41:11:41:26":5,"s:41:28:41:46":31,"s:41:46:41:Infinity":32,"s:42:4:42:Infinity":33,"s:43:4:43:Infinity":34,"f:51:22:51:40":6,"s:52:2:52:Infinity":35,"s:53:2:53:Infinity":36,"s:55:2:57:Infinity":37,"f:55:12:55:21":7,"s:56:4:56:Infinity":38,"s:59:2:62:Infinity":39,"f:71:16:71:34":8,"b:72:2:74:Infinity:undefined:undefined:undefined:undefined":4,"s:72:2:74:Infinity":40,"s:73:4:73:Infinity":41,"s:74:4:74:Infinity":42,"s:77:2:87:Infinity":43,"f:80:4:80:15":9,"b:81:6:84:Infinity:83:13:84:Infinity":5,"s:81:6:84:Infinity":44,"s:82:8:82:Infinity":45,"s:84:8:84:Infinity":46,"s:89:2:89:Infinity":47,"f:95:16:95:40":10,"b:96:2:97:Infinity:undefined:undefined:undefined:undefined":6,"s:96:2:97:Infinity":48,"s:97:4:97:Infinity":49,"f:110:22:110:41":11,"s:111:72:111:Infinity":50,"b:111:49:111:72":7,"s:113:16:125:Infinity":51,"s:127:19:130:4":52,"s:132:2:132:Infinity":53}}}
,"/Users/mohit/Desktop/PromptWars/Challenge2/src/lib/rateLimiter.js": {"path":"/Users/mohit/Desktop/PromptWars/Challenge2/src/lib/rateLimiter.js","statementMap":{"0":{"start":{"line":17,"column":4},"end":{"line":17,"column":null}},"1":{"start":{"line":18,"column":4},"end":{"line":18,"column":null}},"2":{"start":{"line":20,"column":4},"end":{"line":20,"column":null}},"3":{"start":{"line":28,"column":16},"end":{"line":28,"column":26}},"4":{"start":{"line":29,"column":24},"end":{"line":29,"column":null}},"5":{"start":{"line":32,"column":4},"end":{"line":32,"column":null}},"6":{"start":{"line":32,"column":52},"end":{"line":32,"column":68}},"7":{"start":{"line":34,"column":4},"end":{"line":37,"column":null}},"8":{"start":{"line":35,"column":21},"end":{"line":35,"column":null}},"9":{"start":{"line":36,"column":27},"end":{"line":36,"column":null}},"10":{"start":{"line":37,"column":6},"end":{"line":37,"column":null}},"11":{"start":{"line":40,"column":4},"end":{"line":40,"column":null}},"12":{"start":{"line":41,"column":4},"end":{"line":45,"column":null}},"13":{"start":{"line":52,"column":4},"end":{"line":52,"column":null}},"14":{"start":{"line":60,"column":16},"end":{"line":60,"column":26}},"15":{"start":{"line":61,"column":24},"end":{"line":61,"column":null}},"16":{"start":{"line":62,"column":19},"end":{"line":62,"column":65}},"17":{"start":{"line":62,"column":49},"end":{"line":62,"column":65}},"18":{"start":{"line":63,"column":4},"end":{"line":63,"column":null}},"19":{"start":{"line":68,"column":31},"end":{"line":68,"column":84}}},"fnMap":{"0":{"name":"(anonymous_0)","decl":{"start":{"line":16,"column":2},"end":{"line":16,"column":14}},"loc":{"start":{"line":16,"column":59},"end":{"line":20,"column":null}},"line":16},"1":{"name":"(anonymous_1)","decl":{"start":{"line":27,"column":2},"end":{"line":27,"column":10}},"loc":{"start":{"line":27,"column":10},"end":{"line":45,"column":null}},"line":27},"2":{"name":"(anonymous_2)","decl":{"start":{"line":32,"column":38},"end":{"line":32,"column":46}},"loc":{"start":{"line":32,"column":52},"end":{"line":32,"column":68}},"line":32},"3":{"name":"(anonymous_3)","decl":{"start":{"line":51,"column":2},"end":{"line":51,"column":10}},"loc":{"start":{"line":51,"column":10},"end":{"line":52,"column":null}},"line":51},"4":{"name":"(anonymous_4)","decl":{"start":{"line":59,"column":6},"end":{"line":59,"column":18}},"loc":{"start":{"line":59,"column":18},"end":{"line":63,"column":null}},"line":59},"5":{"name":"(anonymous_5)","decl":{"start":{"line":62,"column":35},"end":{"line":62,"column":43}},"loc":{"start":{"line":62,"column":49},"end":{"line":62,"column":65}},"line":62}},"branchMap":{"0":{"loc":{"start":{"line":16,"column":14},"end":{"line":16,"column":57}},"type":"default-arg","locations":[{"start":{"line":16,"column":55},"end":{"line":16,"column":57}}],"line":16},"1":{"loc":{"start":{"line":16,"column":16},"end":{"line":16,"column":34}},"type":"default-arg","locations":[{"start":{"line":16,"column":30},"end":{"line":16,"column":34}}],"line":16},"2":{"loc":{"start":{"line":16,"column":34},"end":{"line":16,"column":55}},"type":"default-arg","locations":[{"start":{"line":16,"column":45},"end":{"line":16,"column":55}}],"line":16},"3":{"loc":{"start":{"line":34,"column":4},"end":{"line":37,"column":null}},"type":"if","locations":[{"start":{"line":34,"column":4},"end":{"line":37,"column":null}},{"start":{},"end":{}}],"line":34}},"s":{"0":11,"1":11,"2":11,"3":25,"4":25,"5":25,"6":29,"7":25,"8":4,"9":4,"10":4,"11":21,"12":21,"13":1,"14":1,"15":1,"16":1,"17":1,"18":1,"19":1},"f":{"0":11,"1":25,"2":29,"3":1,"4":1,"5":1},"b":{"0":[11],"1":[11],"2":[11],"3":[4,21]},"meta":{"lastBranch":4,"lastFunction":6,"lastStatement":20,"seen":{"f:16:2:16:14":0,"b:16:55:16:57":0,"b:16:30:16:34":1,"b:16:45:16:55":2,"s:17:4:17:Infinity":0,"s:18:4:18:Infinity":1,"s:20:4:20:Infinity":2,"f:27:2:27:10":1,"s:28:16:28:26":3,"s:29:24:29:Infinity":4,"s:32:4:32:Infinity":5,"f:32:38:32:46":2,"s:32:52:32:68":6,"b:34:4:37:Infinity:undefined:undefined:undefined:undefined":3,"s:34:4:37:Infinity":7,"s:35:21:35:Infinity":8,"s:36:27:36:Infinity":9,"s:37:6:37:Infinity":10,"s:40:4:40:Infinity":11,"s:41:4:45:Infinity":12,"f:51:2:51:10":3,"s:52:4:52:Infinity":13,"f:59:6:59:18":4,"s:60:16:60:26":14,"s:61:24:61:Infinity":15,"s:62:19:62:65":16,"f:62:35:62:43":5,"s:62:49:62:65":17,"s:63:4:63:Infinity":18,"s:68:31:68:84":19}}}
,"/Users/mohit/Desktop/PromptWars/Challenge2/src/lib/validators.js": {"path":"/Users/mohit/Desktop/PromptWars/Challenge2/src/lib/validators.js","statementMap":{"0":{"start":{"line":13,"column":2},"end":{"line":14,"column":null}},"1":{"start":{"line":14,"column":4},"end":{"line":14,"column":null}},"2":{"start":{"line":16,"column":18},"end":{"line":16,"column":28}},"3":{"start":{"line":17,"column":2},"end":{"line":18,"column":null}},"4":{"start":{"line":18,"column":4},"end":{"line":18,"column":null}},"5":{"start":{"line":20,"column":2},"end":{"line":21,"column":null}},"6":{"start":{"line":21,"column":4},"end":{"line":21,"column":null}},"7":{"start":{"line":23,"column":2},"end":{"line":23,"column":null}},"8":{"start":{"line":32,"column":2},"end":{"line":33,"column":null}},"9":{"start":{"line":33,"column":4},"end":{"line":33,"column":null}},"10":{"start":{"line":35,"column":18},"end":{"line":35,"column":28}},"11":{"start":{"line":36,"column":2},"end":{"line":37,"column":null}},"12":{"start":{"line":37,"column":4},"end":{"line":37,"column":null}},"13":{"start":{"line":39,"column":2},"end":{"line":40,"column":null}},"14":{"start":{"line":40,"column":4},"end":{"line":40,"column":null}},"15":{"start":{"line":42,"column":2},"end":{"line":42,"column":null}},"16":{"start":{"line":52,"column":2},"end":{"line":52,"column":null}},"17":{"start":{"line":52,"column":39},"end":{"line":52,"column":null}},"18":{"start":{"line":53,"column":2},"end":{"line":57,"column":null}},"19":{"start":{"line":67,"column":21},"end":{"line":67,"column":null}},"20":{"start":{"line":69,"column":2},"end":{"line":70,"column":null}},"21":{"start":{"line":70,"column":4},"end":{"line":70,"column":null}},"22":{"start":{"line":73,"column":18},"end":{"line":73,"column":32}},"23":{"start":{"line":75,"column":2},"end":{"line":76,"column":null}},"24":{"start":{"line":76,"column":4},"end":{"line":76,"column":null}},"25":{"start":{"line":79,"column":2},"end":{"line":83,"column":null}},"26":{"start":{"line":80,"column":4},"end":{"line":83,"column":null}},"27":{"start":{"line":87,"column":20},"end":{"line":92,"column":11}},"28":{"start":{"line":94,"column":2},"end":{"line":95,"column":null}},"29":{"start":{"line":95,"column":4},"end":{"line":95,"column":null}},"30":{"start":{"line":98,"column":2},"end":{"line":98,"column":null}},"31":{"start":{"line":107,"column":2},"end":{"line":108,"column":null}},"32":{"start":{"line":108,"column":4},"end":{"line":108,"column":null}},"33":{"start":{"line":110,"column":18},"end":{"line":110,"column":30}},"34":{"start":{"line":111,"column":21},"end":{"line":111,"column":null}},"35":{"start":{"line":112,"column":2},"end":{"line":113,"column":null}},"36":{"start":{"line":113,"column":4},"end":{"line":113,"column":null}},"37":{"start":{"line":115,"column":2},"end":{"line":115,"column":null}},"38":{"start":{"line":122,"column":28},"end":{"line":128,"column":2}},"39":{"start":{"line":137,"column":2},"end":{"line":137,"column":null}}},"fnMap":{"0":{"name":"validateZipCode","decl":{"start":{"line":12,"column":16},"end":{"line":12,"column":32}},"loc":{"start":{"line":12,"column":37},"end":{"line":23,"column":null}},"line":12},"1":{"name":"validateUsZipCode","decl":{"start":{"line":31,"column":16},"end":{"line":31,"column":34}},"loc":{"start":{"line":31,"column":39},"end":{"line":42,"column":null}},"line":31},"2":{"name":"sanitizeInput","decl":{"start":{"line":51,"column":16},"end":{"line":51,"column":30}},"loc":{"start":{"line":51,"column":35},"end":{"line":57,"column":null}},"line":51},"3":{"name":"validateChatMessage","decl":{"start":{"line":66,"column":16},"end":{"line":66,"column":36}},"loc":{"start":{"line":66,"column":45},"end":{"line":98,"column":null}},"line":66},"4":{"name":"validateEmail","decl":{"start":{"line":106,"column":16},"end":{"line":106,"column":30}},"loc":{"start":{"line":106,"column":37},"end":{"line":115,"column":null}},"line":106},"5":{"name":"isValidChecklistItemId","decl":{"start":{"line":136,"column":16},"end":{"line":136,"column":39}},"loc":{"start":{"line":136,"column":47},"end":{"line":137,"column":null}},"line":136}},"branchMap":{"0":{"loc":{"start":{"line":13,"column":2},"end":{"line":14,"column":null}},"type":"if","locations":[{"start":{"line":13,"column":2},"end":{"line":14,"column":null}},{"start":{},"end":{}}],"line":13},"1":{"loc":{"start":{"line":13,"column":6},"end":{"line":13,"column":39}},"type":"binary-expr","locations":[{"start":{"line":13,"column":6},"end":{"line":13,"column":14}},{"start":{"line":13,"column":14},"end":{"line":13,"column":39}}],"line":13},"2":{"loc":{"start":{"line":17,"column":2},"end":{"line":18,"column":null}},"type":"if","locations":[{"start":{"line":17,"column":2},"end":{"line":18,"column":null}},{"start":{},"end":{}}],"line":17},"3":{"loc":{"start":{"line":20,"column":2},"end":{"line":21,"column":null}},"type":"if","locations":[{"start":{"line":20,"column":2},"end":{"line":21,"column":null}},{"start":{},"end":{}}],"line":20},"4":{"loc":{"start":{"line":32,"column":2},"end":{"line":33,"column":null}},"type":"if","locations":[{"start":{"line":32,"column":2},"end":{"line":33,"column":null}},{"start":{},"end":{}}],"line":32},"5":{"loc":{"start":{"line":32,"column":6},"end":{"line":32,"column":39}},"type":"binary-expr","locations":[{"start":{"line":32,"column":6},"end":{"line":32,"column":14}},{"start":{"line":32,"column":14},"end":{"line":32,"column":39}}],"line":32},"6":{"loc":{"start":{"line":36,"column":2},"end":{"line":37,"column":null}},"type":"if","locations":[{"start":{"line":36,"column":2},"end":{"line":37,"column":null}},{"start":{},"end":{}}],"line":36},"7":{"loc":{"start":{"line":39,"column":2},"end":{"line":40,"column":null}},"type":"if","locations":[{"start":{"line":39,"column":2},"end":{"line":40,"column":null}},{"start":{},"end":{}}],"line":39},"8":{"loc":{"start":{"line":52,"column":2},"end":{"line":52,"column":null}},"type":"if","locations":[{"start":{"line":52,"column":2},"end":{"line":52,"column":null}},{"start":{},"end":{}}],"line":52},"9":{"loc":{"start":{"line":52,"column":6},"end":{"line":52,"column":39}},"type":"binary-expr","locations":[{"start":{"line":52,"column":6},"end":{"line":52,"column":14}},{"start":{"line":52,"column":14},"end":{"line":52,"column":39}}],"line":52},"10":{"loc":{"start":{"line":69,"column":2},"end":{"line":70,"column":null}},"type":"if","locations":[{"start":{"line":69,"column":2},"end":{"line":70,"column":null}},{"start":{},"end":{}}],"line":69},"11":{"loc":{"start":{"line":69,"column":6},"end":{"line":69,"column":47}},"type":"binary-expr","locations":[{"start":{"line":69,"column":6},"end":{"line":69,"column":18}},{"start":{"line":69,"column":18},"end":{"line":69,"column":47}}],"line":69},"12":{"loc":{"start":{"line":75,"column":2},"end":{"line":76,"column":null}},"type":"if","locations":[{"start":{"line":75,"column":2},"end":{"line":76,"column":null}},{"start":{},"end":{}}],"line":75},"13":{"loc":{"start":{"line":79,"column":2},"end":{"line":83,"column":null}},"type":"if","locations":[{"start":{"line":79,"column":2},"end":{"line":83,"column":null}},{"start":{},"end":{}}],"line":79},"14":{"loc":{"start":{"line":94,"column":2},"end":{"line":95,"column":null}},"type":"if","locations":[{"start":{"line":94,"column":2},"end":{"line":95,"column":null}},{"start":{},"end":{}}],"line":94},"15":{"loc":{"start":{"line":107,"column":2},"end":{"line":108,"column":null}},"type":"if","locations":[{"start":{"line":107,"column":2},"end":{"line":108,"column":null}},{"start":{},"end":{}}],"line":107},"16":{"loc":{"start":{"line":107,"column":6},"end":{"line":107,"column":43}},"type":"binary-expr","locations":[{"start":{"line":107,"column":6},"end":{"line":107,"column":16}},{"start":{"line":107,"column":16},"end":{"line":107,"column":43}}],"line":107},"17":{"loc":{"start":{"line":112,"column":2},"end":{"line":113,"column":null}},"type":"if","locations":[{"start":{"line":112,"column":2},"end":{"line":113,"column":null}},{"start":{},"end":{}}],"line":112},"18":{"loc":{"start":{"line":137,"column":9},"end":{"line":137,"column":70}},"type":"binary-expr","locations":[{"start":{"line":137,"column":9},"end":{"line":137,"column":39}},{"start":{"line":137,"column":39},"end":{"line":137,"column":70}}],"line":137}},"s":{"0":16,"1":5,"2":11,"3":11,"4":0,"5":11,"6":7,"7":4,"8":5,"9":0,"10":5,"11":5,"12":0,"13":5,"14":3,"15":2,"16":16,"17":5,"18":11,"19":10,"20":10,"21":3,"22":7,"23":7,"24":1,"25":6,"26":1,"27":5,"28":5,"29":0,"30":5,"31":8,"32":2,"33":6,"34":6,"35":6,"36":4,"37":2,"38":4,"39":13},"f":{"0":16,"1":5,"2":16,"3":10,"4":8,"5":13},"b":{"0":[5,11],"1":[16,13],"2":[0,11],"3":[7,4],"4":[0,5],"5":[5,5],"6":[0,5],"7":[3,2],"8":[5,11],"9":[16,13],"10":[3,7],"11":[10,7],"12":[1,6],"13":[1,5],"14":[0,5],"15":[2,6],"16":[8,6],"17":[4,2],"18":[13,9]},"meta":{"lastBranch":19,"lastFunction":6,"lastStatement":40,"seen":{"f:12:16:12:32":0,"b:13:2:14:Infinity:undefined:undefined:undefined:undefined":0,"s:13:2:14:Infinity":0,"b:13:6:13:14:13:14:13:39":1,"s:14:4:14:Infinity":1,"s:16:18:16:28":2,"b:17:2:18:Infinity:undefined:undefined:undefined:undefined":2,"s:17:2:18:Infinity":3,"s:18:4:18:Infinity":4,"b:20:2:21:Infinity:undefined:undefined:undefined:undefined":3,"s:20:2:21:Infinity":5,"s:21:4:21:Infinity":6,"s:23:2:23:Infinity":7,"f:31:16:31:34":1,"b:32:2:33:Infinity:undefined:undefined:undefined:undefined":4,"s:32:2:33:Infinity":8,"b:32:6:32:14:32:14:32:39":5,"s:33:4:33:Infinity":9,"s:35:18:35:28":10,"b:36:2:37:Infinity:undefined:undefined:undefined:undefined":6,"s:36:2:37:Infinity":11,"s:37:4:37:Infinity":12,"b:39:2:40:Infinity:undefined:undefined:undefined:undefined":7,"s:39:2:40:Infinity":13,"s:40:4:40:Infinity":14,"s:42:2:42:Infinity":15,"f:51:16:51:30":2,"b:52:2:52:Infinity:undefined:undefined:undefined:undefined":8,"s:52:2:52:Infinity":16,"b:52:6:52:14:52:14:52:39":9,"s:52:39:52:Infinity":17,"s:53:2:57:Infinity":18,"f:66:16:66:36":3,"s:67:21:67:Infinity":19,"b:69:2:70:Infinity:undefined:undefined:undefined:undefined":10,"s:69:2:70:Infinity":20,"b:69:6:69:18:69:18:69:47":11,"s:70:4:70:Infinity":21,"s:73:18:73:32":22,"b:75:2:76:Infinity:undefined:undefined:undefined:undefined":12,"s:75:2:76:Infinity":23,"s:76:4:76:Infinity":24,"b:79:2:83:Infinity:undefined:undefined:undefined:undefined":13,"s:79:2:83:Infinity":25,"s:80:4:83:Infinity":26,"s:87:20:92:11":27,"b:94:2:95:Infinity:undefined:undefined:undefined:undefined":14,"s:94:2:95:Infinity":28,"s:95:4:95:Infinity":29,"s:98:2:98:Infinity":30,"f:106:16:106:30":4,"b:107:2:108:Infinity:undefined:undefined:undefined:undefined":15,"s:107:2:108:Infinity":31,"b:107:6:107:16:107:16:107:43":16,"s:108:4:108:Infinity":32,"s:110:18:110:30":33,"s:111:21:111:Infinity":34,"b:112:2:113:Infinity:undefined:undefined:undefined:undefined":17,"s:112:2:113:Infinity":35,"s:113:4:113:Infinity":36,"s:115:2:115:Infinity":37,"s:122:28:128:2":38,"f:136:16:136:39":5,"s:137:2:137:Infinity":39,"b:137:9:137:39:137:39:137:70":18}}}
,"/Users/mohit/Desktop/PromptWars/Challenge2/src/styles/chat.css": {"path":"/Users/mohit/Desktop/PromptWars/Challenge2/src/styles/chat.css","statementMap":{},"fnMap":{},"branchMap":{},"s":{},"f":{},"b":{},"meta":{"lastBranch":0,"lastFunction":0,"lastStatement":0,"seen":{}}}
,"/Users/mohit/Desktop/PromptWars/Challenge2/src/styles/checklist.css": {"path":"/Users/mohit/Desktop/PromptWars/Challenge2/src/styles/checklist.css","statementMap":{},"fnMap":{},"branchMap":{},"s":{},"f":{},"b":{},"meta":{"lastBranch":0,"lastFunction":0,"lastStatement":0,"seen":{}}}
,"/Users/mohit/Desktop/PromptWars/Challenge2/src/styles/polling.css": {"path":"/Users/mohit/Desktop/PromptWars/Challenge2/src/styles/polling.css","statementMap":{},"fnMap":{},"branchMap":{},"s":{},"f":{},"b":{},"meta":{"lastBranch":0,"lastFunction":0,"lastStatement":0,"seen":{}}}
,"/Users/mohit/Desktop/PromptWars/Challenge2/src/styles/timeline.css": {"path":"/Users/mohit/Desktop/PromptWars/Challenge2/src/styles/timeline.css","statementMap":{},"fnMap":{},"branchMap":{},"s":{},"f":{},"b":{},"meta":{"lastBranch":0,"lastFunction":0,"lastStatement":0,"seen":{}}}
}
